ARM GAS  C:\Users\Daniel\AppData\Local\Temp\cceCbE3i.s 			page 1


   1              		.cpu cortex-m0
   2              		.arch armv6s-m
   3              		.fpu softvfp
   4              		.eabi_attribute 20, 1
   5              		.eabi_attribute 21, 1
   6              		.eabi_attribute 23, 3
   7              		.eabi_attribute 24, 1
   8              		.eabi_attribute 25, 1
   9              		.eabi_attribute 26, 1
  10              		.eabi_attribute 30, 1
  11              		.eabi_attribute 34, 0
  12              		.eabi_attribute 18, 4
  13              		.file	"stm32f0xx_hal_pcd_ex.c"
  14              		.text
  15              	.Ltext0:
  16              		.cfi_sections	.debug_frame
  17              		.file 1 "Drivers/STM32F0xx_HAL_Driver/Src/stm32f0xx_hal_pcd_ex.c"
  18              		.section	.text.HAL_PCDEx_PMAConfig,"ax",%progbits
  19              		.align	1
  20              		.global	HAL_PCDEx_PMAConfig
  21              		.syntax unified
  22              		.code	16
  23              		.thumb_func
  25              	HAL_PCDEx_PMAConfig:
  26              	.LVL0:
  27              	.LFB40:
   1:Drivers/STM32F0xx_HAL_Driver/Src/stm32f0xx_hal_pcd_ex.c **** /**
   2:Drivers/STM32F0xx_HAL_Driver/Src/stm32f0xx_hal_pcd_ex.c ****   ******************************************************************************
   3:Drivers/STM32F0xx_HAL_Driver/Src/stm32f0xx_hal_pcd_ex.c ****   * @file    stm32f0xx_hal_pcd_ex.c
   4:Drivers/STM32F0xx_HAL_Driver/Src/stm32f0xx_hal_pcd_ex.c ****   * @author  MCD Application Team
   5:Drivers/STM32F0xx_HAL_Driver/Src/stm32f0xx_hal_pcd_ex.c ****   * @brief   PCD Extended HAL module driver.
   6:Drivers/STM32F0xx_HAL_Driver/Src/stm32f0xx_hal_pcd_ex.c ****   *          This file provides firmware functions to manage the following
   7:Drivers/STM32F0xx_HAL_Driver/Src/stm32f0xx_hal_pcd_ex.c ****   *          functionalities of the USB Peripheral Controller:
   8:Drivers/STM32F0xx_HAL_Driver/Src/stm32f0xx_hal_pcd_ex.c ****   *           + Extended features functions
   9:Drivers/STM32F0xx_HAL_Driver/Src/stm32f0xx_hal_pcd_ex.c ****   *
  10:Drivers/STM32F0xx_HAL_Driver/Src/stm32f0xx_hal_pcd_ex.c ****   ******************************************************************************
  11:Drivers/STM32F0xx_HAL_Driver/Src/stm32f0xx_hal_pcd_ex.c ****   * @attention
  12:Drivers/STM32F0xx_HAL_Driver/Src/stm32f0xx_hal_pcd_ex.c ****   *
  13:Drivers/STM32F0xx_HAL_Driver/Src/stm32f0xx_hal_pcd_ex.c ****   * Copyright (c) 2016 STMicroelectronics.
  14:Drivers/STM32F0xx_HAL_Driver/Src/stm32f0xx_hal_pcd_ex.c ****   * All rights reserved.
  15:Drivers/STM32F0xx_HAL_Driver/Src/stm32f0xx_hal_pcd_ex.c ****   *
  16:Drivers/STM32F0xx_HAL_Driver/Src/stm32f0xx_hal_pcd_ex.c ****   * This software is licensed under terms that can be found in the LICENSE file
  17:Drivers/STM32F0xx_HAL_Driver/Src/stm32f0xx_hal_pcd_ex.c ****   * in the root directory of this software component.
  18:Drivers/STM32F0xx_HAL_Driver/Src/stm32f0xx_hal_pcd_ex.c ****   * If no LICENSE file comes with this software, it is provided AS-IS.
  19:Drivers/STM32F0xx_HAL_Driver/Src/stm32f0xx_hal_pcd_ex.c ****   *
  20:Drivers/STM32F0xx_HAL_Driver/Src/stm32f0xx_hal_pcd_ex.c ****   ******************************************************************************
  21:Drivers/STM32F0xx_HAL_Driver/Src/stm32f0xx_hal_pcd_ex.c ****   */
  22:Drivers/STM32F0xx_HAL_Driver/Src/stm32f0xx_hal_pcd_ex.c **** 
  23:Drivers/STM32F0xx_HAL_Driver/Src/stm32f0xx_hal_pcd_ex.c **** /* Includes ------------------------------------------------------------------*/
  24:Drivers/STM32F0xx_HAL_Driver/Src/stm32f0xx_hal_pcd_ex.c **** #include "stm32f0xx_hal.h"
  25:Drivers/STM32F0xx_HAL_Driver/Src/stm32f0xx_hal_pcd_ex.c **** 
  26:Drivers/STM32F0xx_HAL_Driver/Src/stm32f0xx_hal_pcd_ex.c **** /** @addtogroup STM32F0xx_HAL_Driver
  27:Drivers/STM32F0xx_HAL_Driver/Src/stm32f0xx_hal_pcd_ex.c ****   * @{
  28:Drivers/STM32F0xx_HAL_Driver/Src/stm32f0xx_hal_pcd_ex.c ****   */
  29:Drivers/STM32F0xx_HAL_Driver/Src/stm32f0xx_hal_pcd_ex.c **** 
  30:Drivers/STM32F0xx_HAL_Driver/Src/stm32f0xx_hal_pcd_ex.c **** /** @defgroup PCDEx PCDEx
  31:Drivers/STM32F0xx_HAL_Driver/Src/stm32f0xx_hal_pcd_ex.c ****   * @brief PCD Extended HAL module driver
ARM GAS  C:\Users\Daniel\AppData\Local\Temp\cceCbE3i.s 			page 2


  32:Drivers/STM32F0xx_HAL_Driver/Src/stm32f0xx_hal_pcd_ex.c ****   * @{
  33:Drivers/STM32F0xx_HAL_Driver/Src/stm32f0xx_hal_pcd_ex.c ****   */
  34:Drivers/STM32F0xx_HAL_Driver/Src/stm32f0xx_hal_pcd_ex.c **** 
  35:Drivers/STM32F0xx_HAL_Driver/Src/stm32f0xx_hal_pcd_ex.c **** #ifdef HAL_PCD_MODULE_ENABLED
  36:Drivers/STM32F0xx_HAL_Driver/Src/stm32f0xx_hal_pcd_ex.c **** 
  37:Drivers/STM32F0xx_HAL_Driver/Src/stm32f0xx_hal_pcd_ex.c **** #if defined (USB)
  38:Drivers/STM32F0xx_HAL_Driver/Src/stm32f0xx_hal_pcd_ex.c **** /* Private types -------------------------------------------------------------*/
  39:Drivers/STM32F0xx_HAL_Driver/Src/stm32f0xx_hal_pcd_ex.c **** /* Private variables ---------------------------------------------------------*/
  40:Drivers/STM32F0xx_HAL_Driver/Src/stm32f0xx_hal_pcd_ex.c **** /* Private constants ---------------------------------------------------------*/
  41:Drivers/STM32F0xx_HAL_Driver/Src/stm32f0xx_hal_pcd_ex.c **** /* Private macros ------------------------------------------------------------*/
  42:Drivers/STM32F0xx_HAL_Driver/Src/stm32f0xx_hal_pcd_ex.c **** /* Private functions ---------------------------------------------------------*/
  43:Drivers/STM32F0xx_HAL_Driver/Src/stm32f0xx_hal_pcd_ex.c **** /* Exported functions --------------------------------------------------------*/
  44:Drivers/STM32F0xx_HAL_Driver/Src/stm32f0xx_hal_pcd_ex.c **** 
  45:Drivers/STM32F0xx_HAL_Driver/Src/stm32f0xx_hal_pcd_ex.c **** /** @defgroup PCDEx_Exported_Functions PCDEx Exported Functions
  46:Drivers/STM32F0xx_HAL_Driver/Src/stm32f0xx_hal_pcd_ex.c ****   * @{
  47:Drivers/STM32F0xx_HAL_Driver/Src/stm32f0xx_hal_pcd_ex.c ****   */
  48:Drivers/STM32F0xx_HAL_Driver/Src/stm32f0xx_hal_pcd_ex.c **** 
  49:Drivers/STM32F0xx_HAL_Driver/Src/stm32f0xx_hal_pcd_ex.c **** /** @defgroup PCDEx_Exported_Functions_Group1 Peripheral Control functions
  50:Drivers/STM32F0xx_HAL_Driver/Src/stm32f0xx_hal_pcd_ex.c ****   * @brief    PCDEx control functions
  51:Drivers/STM32F0xx_HAL_Driver/Src/stm32f0xx_hal_pcd_ex.c ****   *
  52:Drivers/STM32F0xx_HAL_Driver/Src/stm32f0xx_hal_pcd_ex.c **** @verbatim
  53:Drivers/STM32F0xx_HAL_Driver/Src/stm32f0xx_hal_pcd_ex.c ****  ===============================================================================
  54:Drivers/STM32F0xx_HAL_Driver/Src/stm32f0xx_hal_pcd_ex.c ****                  ##### Extended features functions #####
  55:Drivers/STM32F0xx_HAL_Driver/Src/stm32f0xx_hal_pcd_ex.c ****  ===============================================================================
  56:Drivers/STM32F0xx_HAL_Driver/Src/stm32f0xx_hal_pcd_ex.c ****     [..]  This section provides functions allowing to:
  57:Drivers/STM32F0xx_HAL_Driver/Src/stm32f0xx_hal_pcd_ex.c ****       (+) Update FIFO configuration
  58:Drivers/STM32F0xx_HAL_Driver/Src/stm32f0xx_hal_pcd_ex.c **** 
  59:Drivers/STM32F0xx_HAL_Driver/Src/stm32f0xx_hal_pcd_ex.c **** @endverbatim
  60:Drivers/STM32F0xx_HAL_Driver/Src/stm32f0xx_hal_pcd_ex.c ****   * @{
  61:Drivers/STM32F0xx_HAL_Driver/Src/stm32f0xx_hal_pcd_ex.c ****   */
  62:Drivers/STM32F0xx_HAL_Driver/Src/stm32f0xx_hal_pcd_ex.c **** 
  63:Drivers/STM32F0xx_HAL_Driver/Src/stm32f0xx_hal_pcd_ex.c **** /**
  64:Drivers/STM32F0xx_HAL_Driver/Src/stm32f0xx_hal_pcd_ex.c ****   * @brief  Configure PMA for EP
  65:Drivers/STM32F0xx_HAL_Driver/Src/stm32f0xx_hal_pcd_ex.c ****   * @param  hpcd  Device instance
  66:Drivers/STM32F0xx_HAL_Driver/Src/stm32f0xx_hal_pcd_ex.c ****   * @param  ep_addr endpoint address
  67:Drivers/STM32F0xx_HAL_Driver/Src/stm32f0xx_hal_pcd_ex.c ****   * @param  ep_kind endpoint Kind
  68:Drivers/STM32F0xx_HAL_Driver/Src/stm32f0xx_hal_pcd_ex.c ****   *                  USB_SNG_BUF: Single Buffer used
  69:Drivers/STM32F0xx_HAL_Driver/Src/stm32f0xx_hal_pcd_ex.c ****   *                  USB_DBL_BUF: Double Buffer used
  70:Drivers/STM32F0xx_HAL_Driver/Src/stm32f0xx_hal_pcd_ex.c ****   * @param  pmaadress: EP address in The PMA: In case of single buffer endpoint
  71:Drivers/STM32F0xx_HAL_Driver/Src/stm32f0xx_hal_pcd_ex.c ****   *                   this parameter is 16-bit value providing the address
  72:Drivers/STM32F0xx_HAL_Driver/Src/stm32f0xx_hal_pcd_ex.c ****   *                   in PMA allocated to endpoint.
  73:Drivers/STM32F0xx_HAL_Driver/Src/stm32f0xx_hal_pcd_ex.c ****   *                   In case of double buffer endpoint this parameter
  74:Drivers/STM32F0xx_HAL_Driver/Src/stm32f0xx_hal_pcd_ex.c ****   *                   is a 32-bit value providing the endpoint buffer 0 address
  75:Drivers/STM32F0xx_HAL_Driver/Src/stm32f0xx_hal_pcd_ex.c ****   *                   in the LSB part of 32-bit value and endpoint buffer 1 address
  76:Drivers/STM32F0xx_HAL_Driver/Src/stm32f0xx_hal_pcd_ex.c ****   *                   in the MSB part of 32-bit value.
  77:Drivers/STM32F0xx_HAL_Driver/Src/stm32f0xx_hal_pcd_ex.c ****   * @retval HAL status
  78:Drivers/STM32F0xx_HAL_Driver/Src/stm32f0xx_hal_pcd_ex.c ****   */
  79:Drivers/STM32F0xx_HAL_Driver/Src/stm32f0xx_hal_pcd_ex.c **** 
  80:Drivers/STM32F0xx_HAL_Driver/Src/stm32f0xx_hal_pcd_ex.c **** HAL_StatusTypeDef  HAL_PCDEx_PMAConfig(PCD_HandleTypeDef *hpcd, uint16_t ep_addr,
  81:Drivers/STM32F0xx_HAL_Driver/Src/stm32f0xx_hal_pcd_ex.c ****                                        uint16_t ep_kind, uint32_t pmaadress)
  82:Drivers/STM32F0xx_HAL_Driver/Src/stm32f0xx_hal_pcd_ex.c **** {
  28              		.loc 1 82 1 view -0
  29              		.cfi_startproc
  30              		@ args = 0, pretend = 0, frame = 0
  31              		@ frame_needed = 0, uses_anonymous_args = 0
  32              		.loc 1 82 1 is_stmt 0 view .LVU1
  33 0000 10B5     		push	{r4, lr}
ARM GAS  C:\Users\Daniel\AppData\Local\Temp\cceCbE3i.s 			page 3


  34              		.cfi_def_cfa_offset 8
  35              		.cfi_offset 4, -8
  36              		.cfi_offset 14, -4
  83:Drivers/STM32F0xx_HAL_Driver/Src/stm32f0xx_hal_pcd_ex.c ****   PCD_EPTypeDef *ep;
  37              		.loc 1 83 3 is_stmt 1 view .LVU2
  84:Drivers/STM32F0xx_HAL_Driver/Src/stm32f0xx_hal_pcd_ex.c **** 
  85:Drivers/STM32F0xx_HAL_Driver/Src/stm32f0xx_hal_pcd_ex.c ****   /* initialize ep structure*/
  86:Drivers/STM32F0xx_HAL_Driver/Src/stm32f0xx_hal_pcd_ex.c ****   if ((0x80U & ep_addr) == 0x80U)
  38              		.loc 1 86 3 view .LVU3
  39              		.loc 1 86 6 is_stmt 0 view .LVU4
  40 0002 0C06     		lsls	r4, r1, #24
  41 0004 0CD5     		bpl	.L2
  87:Drivers/STM32F0xx_HAL_Driver/Src/stm32f0xx_hal_pcd_ex.c ****   {
  88:Drivers/STM32F0xx_HAL_Driver/Src/stm32f0xx_hal_pcd_ex.c ****     ep = &hpcd->IN_ep[ep_addr & EP_ADDR_MSK];
  42              		.loc 1 88 5 is_stmt 1 view .LVU5
  43              		.loc 1 88 31 is_stmt 0 view .LVU6
  44 0006 0724     		movs	r4, #7
  45 0008 2140     		ands	r1, r4
  46              	.LVL1:
  47              		.loc 1 88 8 view .LVU7
  48 000a 0131     		adds	r1, r1, #1
  49 000c 8C00     		lsls	r4, r1, #2
  50 000e 6118     		adds	r1, r4, r1
  51 0010 C900     		lsls	r1, r1, #3
  52 0012 4018     		adds	r0, r0, r1
  53              	.LVL2:
  54              	.L3:
  89:Drivers/STM32F0xx_HAL_Driver/Src/stm32f0xx_hal_pcd_ex.c ****   }
  90:Drivers/STM32F0xx_HAL_Driver/Src/stm32f0xx_hal_pcd_ex.c ****   else
  91:Drivers/STM32F0xx_HAL_Driver/Src/stm32f0xx_hal_pcd_ex.c ****   {
  92:Drivers/STM32F0xx_HAL_Driver/Src/stm32f0xx_hal_pcd_ex.c ****     ep = &hpcd->OUT_ep[ep_addr];
  93:Drivers/STM32F0xx_HAL_Driver/Src/stm32f0xx_hal_pcd_ex.c ****   }
  94:Drivers/STM32F0xx_HAL_Driver/Src/stm32f0xx_hal_pcd_ex.c **** 
  95:Drivers/STM32F0xx_HAL_Driver/Src/stm32f0xx_hal_pcd_ex.c ****   /* Here we check if the endpoint is single or double Buffer*/
  96:Drivers/STM32F0xx_HAL_Driver/Src/stm32f0xx_hal_pcd_ex.c ****   if (ep_kind == PCD_SNG_BUF)
  55              		.loc 1 96 3 is_stmt 1 view .LVU8
  56              		.loc 1 96 6 is_stmt 0 view .LVU9
  57 0014 002A     		cmp	r2, #0
  58 0016 0AD1     		bne	.L4
  97:Drivers/STM32F0xx_HAL_Driver/Src/stm32f0xx_hal_pcd_ex.c ****   {
  98:Drivers/STM32F0xx_HAL_Driver/Src/stm32f0xx_hal_pcd_ex.c ****     /* Single Buffer */
  99:Drivers/STM32F0xx_HAL_Driver/Src/stm32f0xx_hal_pcd_ex.c ****     ep->doublebuffer = 0U;
  59              		.loc 1 99 5 is_stmt 1 view .LVU10
  60              		.loc 1 99 22 is_stmt 0 view .LVU11
  61 0018 0273     		strb	r2, [r0, #12]
 100:Drivers/STM32F0xx_HAL_Driver/Src/stm32f0xx_hal_pcd_ex.c ****     /* Configure the PMA */
 101:Drivers/STM32F0xx_HAL_Driver/Src/stm32f0xx_hal_pcd_ex.c ****     ep->pmaadress = (uint16_t)pmaadress;
  62              		.loc 1 101 5 is_stmt 1 view .LVU12
  63              		.loc 1 101 19 is_stmt 0 view .LVU13
  64 001a C380     		strh	r3, [r0, #6]
  65              	.LVL3:
  66              	.L5:
 102:Drivers/STM32F0xx_HAL_Driver/Src/stm32f0xx_hal_pcd_ex.c ****   }
 103:Drivers/STM32F0xx_HAL_Driver/Src/stm32f0xx_hal_pcd_ex.c **** #if (USE_USB_DOUBLE_BUFFER == 1U)
 104:Drivers/STM32F0xx_HAL_Driver/Src/stm32f0xx_hal_pcd_ex.c ****   else /* USB_DBL_BUF */
 105:Drivers/STM32F0xx_HAL_Driver/Src/stm32f0xx_hal_pcd_ex.c ****   {
 106:Drivers/STM32F0xx_HAL_Driver/Src/stm32f0xx_hal_pcd_ex.c ****     /* Double Buffer Endpoint */
ARM GAS  C:\Users\Daniel\AppData\Local\Temp\cceCbE3i.s 			page 4


 107:Drivers/STM32F0xx_HAL_Driver/Src/stm32f0xx_hal_pcd_ex.c ****     ep->doublebuffer = 1U;
 108:Drivers/STM32F0xx_HAL_Driver/Src/stm32f0xx_hal_pcd_ex.c ****     /* Configure the PMA */
 109:Drivers/STM32F0xx_HAL_Driver/Src/stm32f0xx_hal_pcd_ex.c ****     ep->pmaaddr0 = (uint16_t)(pmaadress & 0xFFFFU);
 110:Drivers/STM32F0xx_HAL_Driver/Src/stm32f0xx_hal_pcd_ex.c ****     ep->pmaaddr1 = (uint16_t)((pmaadress & 0xFFFF0000U) >> 16);
 111:Drivers/STM32F0xx_HAL_Driver/Src/stm32f0xx_hal_pcd_ex.c ****   }
 112:Drivers/STM32F0xx_HAL_Driver/Src/stm32f0xx_hal_pcd_ex.c **** #endif /* (USE_USB_DOUBLE_BUFFER == 1U) */
 113:Drivers/STM32F0xx_HAL_Driver/Src/stm32f0xx_hal_pcd_ex.c **** 
 114:Drivers/STM32F0xx_HAL_Driver/Src/stm32f0xx_hal_pcd_ex.c ****   return HAL_OK;
  67              		.loc 1 114 3 is_stmt 1 view .LVU14
 115:Drivers/STM32F0xx_HAL_Driver/Src/stm32f0xx_hal_pcd_ex.c **** }
  68              		.loc 1 115 1 is_stmt 0 view .LVU15
  69 001c 0020     		movs	r0, #0
  70              	.LVL4:
  71              		.loc 1 115 1 view .LVU16
  72              		@ sp needed
  73 001e 10BD     		pop	{r4, pc}
  74              	.LVL5:
  75              	.L2:
  92:Drivers/STM32F0xx_HAL_Driver/Src/stm32f0xx_hal_pcd_ex.c ****   }
  76              		.loc 1 92 5 is_stmt 1 view .LVU17
  92:Drivers/STM32F0xx_HAL_Driver/Src/stm32f0xx_hal_pcd_ex.c ****   }
  77              		.loc 1 92 8 is_stmt 0 view .LVU18
  78 0020 8C00     		lsls	r4, r1, #2
  79 0022 6118     		adds	r1, r4, r1
  80              	.LVL6:
  92:Drivers/STM32F0xx_HAL_Driver/Src/stm32f0xx_hal_pcd_ex.c ****   }
  81              		.loc 1 92 8 view .LVU19
  82 0024 C900     		lsls	r1, r1, #3
  83 0026 6931     		adds	r1, r1, #105
  84 0028 FF31     		adds	r1, r1, #255
  85 002a 4018     		adds	r0, r0, r1
  86              	.LVL7:
  92:Drivers/STM32F0xx_HAL_Driver/Src/stm32f0xx_hal_pcd_ex.c ****   }
  87              		.loc 1 92 8 view .LVU20
  88 002c F2E7     		b	.L3
  89              	.L4:
 107:Drivers/STM32F0xx_HAL_Driver/Src/stm32f0xx_hal_pcd_ex.c ****     /* Configure the PMA */
  90              		.loc 1 107 5 is_stmt 1 view .LVU21
 107:Drivers/STM32F0xx_HAL_Driver/Src/stm32f0xx_hal_pcd_ex.c ****     /* Configure the PMA */
  91              		.loc 1 107 22 is_stmt 0 view .LVU22
  92 002e 0122     		movs	r2, #1
  93              	.LVL8:
 107:Drivers/STM32F0xx_HAL_Driver/Src/stm32f0xx_hal_pcd_ex.c ****     /* Configure the PMA */
  94              		.loc 1 107 22 view .LVU23
  95 0030 0273     		strb	r2, [r0, #12]
 109:Drivers/STM32F0xx_HAL_Driver/Src/stm32f0xx_hal_pcd_ex.c ****     ep->pmaaddr1 = (uint16_t)((pmaadress & 0xFFFF0000U) >> 16);
  96              		.loc 1 109 5 is_stmt 1 view .LVU24
 109:Drivers/STM32F0xx_HAL_Driver/Src/stm32f0xx_hal_pcd_ex.c ****     ep->pmaaddr1 = (uint16_t)((pmaadress & 0xFFFF0000U) >> 16);
  97              		.loc 1 109 18 is_stmt 0 view .LVU25
  98 0032 0381     		strh	r3, [r0, #8]
 110:Drivers/STM32F0xx_HAL_Driver/Src/stm32f0xx_hal_pcd_ex.c ****   }
  99              		.loc 1 110 5 is_stmt 1 view .LVU26
 110:Drivers/STM32F0xx_HAL_Driver/Src/stm32f0xx_hal_pcd_ex.c ****   }
 100              		.loc 1 110 20 is_stmt 0 view .LVU27
 101 0034 1B0C     		lsrs	r3, r3, #16
 102              	.LVL9:
 110:Drivers/STM32F0xx_HAL_Driver/Src/stm32f0xx_hal_pcd_ex.c ****   }
ARM GAS  C:\Users\Daniel\AppData\Local\Temp\cceCbE3i.s 			page 5


 103              		.loc 1 110 18 view .LVU28
 104 0036 4381     		strh	r3, [r0, #10]
 105 0038 F0E7     		b	.L5
 106              		.cfi_endproc
 107              	.LFE40:
 109              		.section	.text.HAL_PCDEx_ActivateBCD,"ax",%progbits
 110              		.align	1
 111              		.global	HAL_PCDEx_ActivateBCD
 112              		.syntax unified
 113              		.code	16
 114              		.thumb_func
 116              	HAL_PCDEx_ActivateBCD:
 117              	.LVL10:
 118              	.LFB41:
 116:Drivers/STM32F0xx_HAL_Driver/Src/stm32f0xx_hal_pcd_ex.c **** 
 117:Drivers/STM32F0xx_HAL_Driver/Src/stm32f0xx_hal_pcd_ex.c **** /**
 118:Drivers/STM32F0xx_HAL_Driver/Src/stm32f0xx_hal_pcd_ex.c ****   * @brief  Activate BatteryCharging feature.
 119:Drivers/STM32F0xx_HAL_Driver/Src/stm32f0xx_hal_pcd_ex.c ****   * @param  hpcd PCD handle
 120:Drivers/STM32F0xx_HAL_Driver/Src/stm32f0xx_hal_pcd_ex.c ****   * @retval HAL status
 121:Drivers/STM32F0xx_HAL_Driver/Src/stm32f0xx_hal_pcd_ex.c ****   */
 122:Drivers/STM32F0xx_HAL_Driver/Src/stm32f0xx_hal_pcd_ex.c **** HAL_StatusTypeDef HAL_PCDEx_ActivateBCD(PCD_HandleTypeDef *hpcd)
 123:Drivers/STM32F0xx_HAL_Driver/Src/stm32f0xx_hal_pcd_ex.c **** {
 119              		.loc 1 123 1 is_stmt 1 view -0
 120              		.cfi_startproc
 121              		@ args = 0, pretend = 0, frame = 0
 122              		@ frame_needed = 0, uses_anonymous_args = 0
 123              		@ link register save eliminated.
 124:Drivers/STM32F0xx_HAL_Driver/Src/stm32f0xx_hal_pcd_ex.c ****   USB_TypeDef *USBx = hpcd->Instance;
 124              		.loc 1 124 3 view .LVU30
 125              		.loc 1 124 16 is_stmt 0 view .LVU31
 126 0000 0268     		ldr	r2, [r0]
 127              	.LVL11:
 125:Drivers/STM32F0xx_HAL_Driver/Src/stm32f0xx_hal_pcd_ex.c ****   hpcd->battery_charging_active = 1U;
 128              		.loc 1 125 3 is_stmt 1 view .LVU32
 129              		.loc 1 125 33 is_stmt 0 view .LVU33
 130 0002 BB23     		movs	r3, #187
 131 0004 9B00     		lsls	r3, r3, #2
 132 0006 0121     		movs	r1, #1
 133 0008 C150     		str	r1, [r0, r3]
 126:Drivers/STM32F0xx_HAL_Driver/Src/stm32f0xx_hal_pcd_ex.c **** 
 127:Drivers/STM32F0xx_HAL_Driver/Src/stm32f0xx_hal_pcd_ex.c ****   /* Enable BCD feature */
 128:Drivers/STM32F0xx_HAL_Driver/Src/stm32f0xx_hal_pcd_ex.c ****   USBx->BCDR |= USB_BCDR_BCDEN;
 134              		.loc 1 128 3 is_stmt 1 view .LVU34
 135              		.loc 1 128 7 is_stmt 0 view .LVU35
 136 000a 5823     		movs	r3, #88
 137 000c D15A     		ldrh	r1, [r2, r3]
 138              		.loc 1 128 14 view .LVU36
 139 000e 0120     		movs	r0, #1
 140              	.LVL12:
 141              		.loc 1 128 14 view .LVU37
 142 0010 0143     		orrs	r1, r0
 143 0012 89B2     		uxth	r1, r1
 144 0014 D152     		strh	r1, [r2, r3]
 129:Drivers/STM32F0xx_HAL_Driver/Src/stm32f0xx_hal_pcd_ex.c **** 
 130:Drivers/STM32F0xx_HAL_Driver/Src/stm32f0xx_hal_pcd_ex.c ****   /* Enable DCD : Data Contact Detect */
 131:Drivers/STM32F0xx_HAL_Driver/Src/stm32f0xx_hal_pcd_ex.c ****   USBx->BCDR &= ~(USB_BCDR_PDEN);
 145              		.loc 1 131 3 is_stmt 1 view .LVU38
ARM GAS  C:\Users\Daniel\AppData\Local\Temp\cceCbE3i.s 			page 6


 146              		.loc 1 131 7 is_stmt 0 view .LVU39
 147 0016 D15A     		ldrh	r1, [r2, r3]
 148              		.loc 1 131 14 view .LVU40
 149 0018 0420     		movs	r0, #4
 150 001a 8143     		bics	r1, r0
 151 001c D152     		strh	r1, [r2, r3]
 132:Drivers/STM32F0xx_HAL_Driver/Src/stm32f0xx_hal_pcd_ex.c ****   USBx->BCDR &= ~(USB_BCDR_SDEN);
 152              		.loc 1 132 3 is_stmt 1 view .LVU41
 153              		.loc 1 132 7 is_stmt 0 view .LVU42
 154 001e D15A     		ldrh	r1, [r2, r3]
 155              		.loc 1 132 14 view .LVU43
 156 0020 0430     		adds	r0, r0, #4
 157 0022 8143     		bics	r1, r0
 158 0024 D152     		strh	r1, [r2, r3]
 133:Drivers/STM32F0xx_HAL_Driver/Src/stm32f0xx_hal_pcd_ex.c ****   USBx->BCDR |= USB_BCDR_DCDEN;
 159              		.loc 1 133 3 is_stmt 1 view .LVU44
 160              		.loc 1 133 7 is_stmt 0 view .LVU45
 161 0026 D15A     		ldrh	r1, [r2, r3]
 162              		.loc 1 133 14 view .LVU46
 163 0028 0220     		movs	r0, #2
 164 002a 0143     		orrs	r1, r0
 165 002c 89B2     		uxth	r1, r1
 166 002e D152     		strh	r1, [r2, r3]
 134:Drivers/STM32F0xx_HAL_Driver/Src/stm32f0xx_hal_pcd_ex.c **** 
 135:Drivers/STM32F0xx_HAL_Driver/Src/stm32f0xx_hal_pcd_ex.c ****   return HAL_OK;
 167              		.loc 1 135 3 is_stmt 1 view .LVU47
 136:Drivers/STM32F0xx_HAL_Driver/Src/stm32f0xx_hal_pcd_ex.c **** }
 168              		.loc 1 136 1 is_stmt 0 view .LVU48
 169 0030 0020     		movs	r0, #0
 170              		@ sp needed
 171 0032 7047     		bx	lr
 172              		.cfi_endproc
 173              	.LFE41:
 175              		.section	.text.HAL_PCDEx_DeActivateBCD,"ax",%progbits
 176              		.align	1
 177              		.global	HAL_PCDEx_DeActivateBCD
 178              		.syntax unified
 179              		.code	16
 180              		.thumb_func
 182              	HAL_PCDEx_DeActivateBCD:
 183              	.LVL13:
 184              	.LFB42:
 137:Drivers/STM32F0xx_HAL_Driver/Src/stm32f0xx_hal_pcd_ex.c **** 
 138:Drivers/STM32F0xx_HAL_Driver/Src/stm32f0xx_hal_pcd_ex.c **** /**
 139:Drivers/STM32F0xx_HAL_Driver/Src/stm32f0xx_hal_pcd_ex.c ****   * @brief  Deactivate BatteryCharging feature.
 140:Drivers/STM32F0xx_HAL_Driver/Src/stm32f0xx_hal_pcd_ex.c ****   * @param  hpcd PCD handle
 141:Drivers/STM32F0xx_HAL_Driver/Src/stm32f0xx_hal_pcd_ex.c ****   * @retval HAL status
 142:Drivers/STM32F0xx_HAL_Driver/Src/stm32f0xx_hal_pcd_ex.c ****   */
 143:Drivers/STM32F0xx_HAL_Driver/Src/stm32f0xx_hal_pcd_ex.c **** HAL_StatusTypeDef HAL_PCDEx_DeActivateBCD(PCD_HandleTypeDef *hpcd)
 144:Drivers/STM32F0xx_HAL_Driver/Src/stm32f0xx_hal_pcd_ex.c **** {
 185              		.loc 1 144 1 is_stmt 1 view -0
 186              		.cfi_startproc
 187              		@ args = 0, pretend = 0, frame = 0
 188              		@ frame_needed = 0, uses_anonymous_args = 0
 189              		@ link register save eliminated.
 145:Drivers/STM32F0xx_HAL_Driver/Src/stm32f0xx_hal_pcd_ex.c ****   USB_TypeDef *USBx = hpcd->Instance;
 190              		.loc 1 145 3 view .LVU50
ARM GAS  C:\Users\Daniel\AppData\Local\Temp\cceCbE3i.s 			page 7


 191              		.loc 1 145 16 is_stmt 0 view .LVU51
 192 0000 0168     		ldr	r1, [r0]
 193              	.LVL14:
 146:Drivers/STM32F0xx_HAL_Driver/Src/stm32f0xx_hal_pcd_ex.c ****   hpcd->battery_charging_active = 0U;
 194              		.loc 1 146 3 is_stmt 1 view .LVU52
 195              		.loc 1 146 33 is_stmt 0 view .LVU53
 196 0002 BB23     		movs	r3, #187
 197 0004 9B00     		lsls	r3, r3, #2
 198 0006 0022     		movs	r2, #0
 199 0008 C250     		str	r2, [r0, r3]
 147:Drivers/STM32F0xx_HAL_Driver/Src/stm32f0xx_hal_pcd_ex.c **** 
 148:Drivers/STM32F0xx_HAL_Driver/Src/stm32f0xx_hal_pcd_ex.c ****   /* Disable BCD feature */
 149:Drivers/STM32F0xx_HAL_Driver/Src/stm32f0xx_hal_pcd_ex.c ****   USBx->BCDR &= ~(USB_BCDR_BCDEN);
 200              		.loc 1 149 3 is_stmt 1 view .LVU54
 201              		.loc 1 149 7 is_stmt 0 view .LVU55
 202 000a 5832     		adds	r2, r2, #88
 203 000c 8B5A     		ldrh	r3, [r1, r2]
 204              		.loc 1 149 14 view .LVU56
 205 000e 0120     		movs	r0, #1
 206              	.LVL15:
 207              		.loc 1 149 14 view .LVU57
 208 0010 8343     		bics	r3, r0
 209 0012 8B52     		strh	r3, [r1, r2]
 150:Drivers/STM32F0xx_HAL_Driver/Src/stm32f0xx_hal_pcd_ex.c **** 
 151:Drivers/STM32F0xx_HAL_Driver/Src/stm32f0xx_hal_pcd_ex.c ****   return HAL_OK;
 210              		.loc 1 151 3 is_stmt 1 view .LVU58
 152:Drivers/STM32F0xx_HAL_Driver/Src/stm32f0xx_hal_pcd_ex.c **** }
 211              		.loc 1 152 1 is_stmt 0 view .LVU59
 212 0014 0020     		movs	r0, #0
 213              		@ sp needed
 214 0016 7047     		bx	lr
 215              		.cfi_endproc
 216              	.LFE42:
 218              		.section	.text.HAL_PCDEx_ActivateLPM,"ax",%progbits
 219              		.align	1
 220              		.global	HAL_PCDEx_ActivateLPM
 221              		.syntax unified
 222              		.code	16
 223              		.thumb_func
 225              	HAL_PCDEx_ActivateLPM:
 226              	.LVL16:
 227              	.LFB44:
 153:Drivers/STM32F0xx_HAL_Driver/Src/stm32f0xx_hal_pcd_ex.c **** 
 154:Drivers/STM32F0xx_HAL_Driver/Src/stm32f0xx_hal_pcd_ex.c **** /**
 155:Drivers/STM32F0xx_HAL_Driver/Src/stm32f0xx_hal_pcd_ex.c ****   * @brief  Handle BatteryCharging Process.
 156:Drivers/STM32F0xx_HAL_Driver/Src/stm32f0xx_hal_pcd_ex.c ****   * @param  hpcd PCD handle
 157:Drivers/STM32F0xx_HAL_Driver/Src/stm32f0xx_hal_pcd_ex.c ****   * @retval HAL status
 158:Drivers/STM32F0xx_HAL_Driver/Src/stm32f0xx_hal_pcd_ex.c ****   */
 159:Drivers/STM32F0xx_HAL_Driver/Src/stm32f0xx_hal_pcd_ex.c **** void HAL_PCDEx_BCD_VBUSDetect(PCD_HandleTypeDef *hpcd)
 160:Drivers/STM32F0xx_HAL_Driver/Src/stm32f0xx_hal_pcd_ex.c **** {
 161:Drivers/STM32F0xx_HAL_Driver/Src/stm32f0xx_hal_pcd_ex.c ****   USB_TypeDef *USBx = hpcd->Instance;
 162:Drivers/STM32F0xx_HAL_Driver/Src/stm32f0xx_hal_pcd_ex.c ****   uint32_t tickstart = HAL_GetTick();
 163:Drivers/STM32F0xx_HAL_Driver/Src/stm32f0xx_hal_pcd_ex.c **** 
 164:Drivers/STM32F0xx_HAL_Driver/Src/stm32f0xx_hal_pcd_ex.c ****   /* Wait for Min DCD Timeout */
 165:Drivers/STM32F0xx_HAL_Driver/Src/stm32f0xx_hal_pcd_ex.c ****   HAL_Delay(300U);
 166:Drivers/STM32F0xx_HAL_Driver/Src/stm32f0xx_hal_pcd_ex.c **** 
 167:Drivers/STM32F0xx_HAL_Driver/Src/stm32f0xx_hal_pcd_ex.c ****   /* Data Pin Contact ? Check Detect flag */
ARM GAS  C:\Users\Daniel\AppData\Local\Temp\cceCbE3i.s 			page 8


 168:Drivers/STM32F0xx_HAL_Driver/Src/stm32f0xx_hal_pcd_ex.c ****   if ((USBx->BCDR & USB_BCDR_DCDET) == USB_BCDR_DCDET)
 169:Drivers/STM32F0xx_HAL_Driver/Src/stm32f0xx_hal_pcd_ex.c ****   {
 170:Drivers/STM32F0xx_HAL_Driver/Src/stm32f0xx_hal_pcd_ex.c **** #if (USE_HAL_PCD_REGISTER_CALLBACKS == 1U)
 171:Drivers/STM32F0xx_HAL_Driver/Src/stm32f0xx_hal_pcd_ex.c ****     hpcd->BCDCallback(hpcd, PCD_BCD_CONTACT_DETECTION);
 172:Drivers/STM32F0xx_HAL_Driver/Src/stm32f0xx_hal_pcd_ex.c **** #else
 173:Drivers/STM32F0xx_HAL_Driver/Src/stm32f0xx_hal_pcd_ex.c ****     HAL_PCDEx_BCD_Callback(hpcd, PCD_BCD_CONTACT_DETECTION);
 174:Drivers/STM32F0xx_HAL_Driver/Src/stm32f0xx_hal_pcd_ex.c **** #endif /* USE_HAL_PCD_REGISTER_CALLBACKS */
 175:Drivers/STM32F0xx_HAL_Driver/Src/stm32f0xx_hal_pcd_ex.c ****   }
 176:Drivers/STM32F0xx_HAL_Driver/Src/stm32f0xx_hal_pcd_ex.c ****   /* Primary detection: checks if connected to Standard Downstream Port
 177:Drivers/STM32F0xx_HAL_Driver/Src/stm32f0xx_hal_pcd_ex.c ****   (without charging capability) */
 178:Drivers/STM32F0xx_HAL_Driver/Src/stm32f0xx_hal_pcd_ex.c ****   USBx->BCDR &= ~(USB_BCDR_DCDEN);
 179:Drivers/STM32F0xx_HAL_Driver/Src/stm32f0xx_hal_pcd_ex.c ****   HAL_Delay(50U);
 180:Drivers/STM32F0xx_HAL_Driver/Src/stm32f0xx_hal_pcd_ex.c ****   USBx->BCDR |= (USB_BCDR_PDEN);
 181:Drivers/STM32F0xx_HAL_Driver/Src/stm32f0xx_hal_pcd_ex.c ****   HAL_Delay(50U);
 182:Drivers/STM32F0xx_HAL_Driver/Src/stm32f0xx_hal_pcd_ex.c **** 
 183:Drivers/STM32F0xx_HAL_Driver/Src/stm32f0xx_hal_pcd_ex.c ****   /* If Charger detect ? */
 184:Drivers/STM32F0xx_HAL_Driver/Src/stm32f0xx_hal_pcd_ex.c ****   if ((USBx->BCDR & USB_BCDR_PDET) == USB_BCDR_PDET)
 185:Drivers/STM32F0xx_HAL_Driver/Src/stm32f0xx_hal_pcd_ex.c ****   {
 186:Drivers/STM32F0xx_HAL_Driver/Src/stm32f0xx_hal_pcd_ex.c ****     /* Start secondary detection to check connection to Charging Downstream
 187:Drivers/STM32F0xx_HAL_Driver/Src/stm32f0xx_hal_pcd_ex.c ****     Port or Dedicated Charging Port */
 188:Drivers/STM32F0xx_HAL_Driver/Src/stm32f0xx_hal_pcd_ex.c ****     USBx->BCDR &= ~(USB_BCDR_PDEN);
 189:Drivers/STM32F0xx_HAL_Driver/Src/stm32f0xx_hal_pcd_ex.c ****     HAL_Delay(50U);
 190:Drivers/STM32F0xx_HAL_Driver/Src/stm32f0xx_hal_pcd_ex.c ****     USBx->BCDR |= (USB_BCDR_SDEN);
 191:Drivers/STM32F0xx_HAL_Driver/Src/stm32f0xx_hal_pcd_ex.c ****     HAL_Delay(50U);
 192:Drivers/STM32F0xx_HAL_Driver/Src/stm32f0xx_hal_pcd_ex.c **** 
 193:Drivers/STM32F0xx_HAL_Driver/Src/stm32f0xx_hal_pcd_ex.c ****     /* If CDP ? */
 194:Drivers/STM32F0xx_HAL_Driver/Src/stm32f0xx_hal_pcd_ex.c ****     if ((USBx->BCDR & USB_BCDR_SDET) == USB_BCDR_SDET)
 195:Drivers/STM32F0xx_HAL_Driver/Src/stm32f0xx_hal_pcd_ex.c ****     {
 196:Drivers/STM32F0xx_HAL_Driver/Src/stm32f0xx_hal_pcd_ex.c ****       /* Dedicated Downstream Port DCP */
 197:Drivers/STM32F0xx_HAL_Driver/Src/stm32f0xx_hal_pcd_ex.c **** #if (USE_HAL_PCD_REGISTER_CALLBACKS == 1U)
 198:Drivers/STM32F0xx_HAL_Driver/Src/stm32f0xx_hal_pcd_ex.c ****       hpcd->BCDCallback(hpcd, PCD_BCD_DEDICATED_CHARGING_PORT);
 199:Drivers/STM32F0xx_HAL_Driver/Src/stm32f0xx_hal_pcd_ex.c **** #else
 200:Drivers/STM32F0xx_HAL_Driver/Src/stm32f0xx_hal_pcd_ex.c ****       HAL_PCDEx_BCD_Callback(hpcd, PCD_BCD_DEDICATED_CHARGING_PORT);
 201:Drivers/STM32F0xx_HAL_Driver/Src/stm32f0xx_hal_pcd_ex.c **** #endif /* USE_HAL_PCD_REGISTER_CALLBACKS */
 202:Drivers/STM32F0xx_HAL_Driver/Src/stm32f0xx_hal_pcd_ex.c ****     }
 203:Drivers/STM32F0xx_HAL_Driver/Src/stm32f0xx_hal_pcd_ex.c ****     else
 204:Drivers/STM32F0xx_HAL_Driver/Src/stm32f0xx_hal_pcd_ex.c ****     {
 205:Drivers/STM32F0xx_HAL_Driver/Src/stm32f0xx_hal_pcd_ex.c ****       /* Charging Downstream Port CDP */
 206:Drivers/STM32F0xx_HAL_Driver/Src/stm32f0xx_hal_pcd_ex.c **** #if (USE_HAL_PCD_REGISTER_CALLBACKS == 1U)
 207:Drivers/STM32F0xx_HAL_Driver/Src/stm32f0xx_hal_pcd_ex.c ****       hpcd->BCDCallback(hpcd, PCD_BCD_CHARGING_DOWNSTREAM_PORT);
 208:Drivers/STM32F0xx_HAL_Driver/Src/stm32f0xx_hal_pcd_ex.c **** #else
 209:Drivers/STM32F0xx_HAL_Driver/Src/stm32f0xx_hal_pcd_ex.c ****       HAL_PCDEx_BCD_Callback(hpcd, PCD_BCD_CHARGING_DOWNSTREAM_PORT);
 210:Drivers/STM32F0xx_HAL_Driver/Src/stm32f0xx_hal_pcd_ex.c **** #endif /* USE_HAL_PCD_REGISTER_CALLBACKS */
 211:Drivers/STM32F0xx_HAL_Driver/Src/stm32f0xx_hal_pcd_ex.c ****     }
 212:Drivers/STM32F0xx_HAL_Driver/Src/stm32f0xx_hal_pcd_ex.c ****   }
 213:Drivers/STM32F0xx_HAL_Driver/Src/stm32f0xx_hal_pcd_ex.c ****   else /* NO */
 214:Drivers/STM32F0xx_HAL_Driver/Src/stm32f0xx_hal_pcd_ex.c ****   {
 215:Drivers/STM32F0xx_HAL_Driver/Src/stm32f0xx_hal_pcd_ex.c ****     /* Standard Downstream Port */
 216:Drivers/STM32F0xx_HAL_Driver/Src/stm32f0xx_hal_pcd_ex.c **** #if (USE_HAL_PCD_REGISTER_CALLBACKS == 1U)
 217:Drivers/STM32F0xx_HAL_Driver/Src/stm32f0xx_hal_pcd_ex.c ****     hpcd->BCDCallback(hpcd, PCD_BCD_STD_DOWNSTREAM_PORT);
 218:Drivers/STM32F0xx_HAL_Driver/Src/stm32f0xx_hal_pcd_ex.c **** #else
 219:Drivers/STM32F0xx_HAL_Driver/Src/stm32f0xx_hal_pcd_ex.c ****     HAL_PCDEx_BCD_Callback(hpcd, PCD_BCD_STD_DOWNSTREAM_PORT);
 220:Drivers/STM32F0xx_HAL_Driver/Src/stm32f0xx_hal_pcd_ex.c **** #endif /* USE_HAL_PCD_REGISTER_CALLBACKS */
 221:Drivers/STM32F0xx_HAL_Driver/Src/stm32f0xx_hal_pcd_ex.c ****   }
 222:Drivers/STM32F0xx_HAL_Driver/Src/stm32f0xx_hal_pcd_ex.c **** 
 223:Drivers/STM32F0xx_HAL_Driver/Src/stm32f0xx_hal_pcd_ex.c ****   /* Battery Charging capability discovery finished Start Enumeration */
 224:Drivers/STM32F0xx_HAL_Driver/Src/stm32f0xx_hal_pcd_ex.c ****   (void)HAL_PCDEx_DeActivateBCD(hpcd);
ARM GAS  C:\Users\Daniel\AppData\Local\Temp\cceCbE3i.s 			page 9


 225:Drivers/STM32F0xx_HAL_Driver/Src/stm32f0xx_hal_pcd_ex.c **** 
 226:Drivers/STM32F0xx_HAL_Driver/Src/stm32f0xx_hal_pcd_ex.c ****   /* Check for the Timeout, else start USB Device */
 227:Drivers/STM32F0xx_HAL_Driver/Src/stm32f0xx_hal_pcd_ex.c ****   if ((HAL_GetTick() - tickstart) > 1000U)
 228:Drivers/STM32F0xx_HAL_Driver/Src/stm32f0xx_hal_pcd_ex.c ****   {
 229:Drivers/STM32F0xx_HAL_Driver/Src/stm32f0xx_hal_pcd_ex.c **** #if (USE_HAL_PCD_REGISTER_CALLBACKS == 1U)
 230:Drivers/STM32F0xx_HAL_Driver/Src/stm32f0xx_hal_pcd_ex.c ****     hpcd->BCDCallback(hpcd, PCD_BCD_ERROR);
 231:Drivers/STM32F0xx_HAL_Driver/Src/stm32f0xx_hal_pcd_ex.c **** #else
 232:Drivers/STM32F0xx_HAL_Driver/Src/stm32f0xx_hal_pcd_ex.c ****     HAL_PCDEx_BCD_Callback(hpcd, PCD_BCD_ERROR);
 233:Drivers/STM32F0xx_HAL_Driver/Src/stm32f0xx_hal_pcd_ex.c **** #endif /* USE_HAL_PCD_REGISTER_CALLBACKS */
 234:Drivers/STM32F0xx_HAL_Driver/Src/stm32f0xx_hal_pcd_ex.c ****   }
 235:Drivers/STM32F0xx_HAL_Driver/Src/stm32f0xx_hal_pcd_ex.c ****   else
 236:Drivers/STM32F0xx_HAL_Driver/Src/stm32f0xx_hal_pcd_ex.c ****   {
 237:Drivers/STM32F0xx_HAL_Driver/Src/stm32f0xx_hal_pcd_ex.c **** #if (USE_HAL_PCD_REGISTER_CALLBACKS == 1U)
 238:Drivers/STM32F0xx_HAL_Driver/Src/stm32f0xx_hal_pcd_ex.c ****     hpcd->BCDCallback(hpcd, PCD_BCD_DISCOVERY_COMPLETED);
 239:Drivers/STM32F0xx_HAL_Driver/Src/stm32f0xx_hal_pcd_ex.c **** #else
 240:Drivers/STM32F0xx_HAL_Driver/Src/stm32f0xx_hal_pcd_ex.c ****     HAL_PCDEx_BCD_Callback(hpcd, PCD_BCD_DISCOVERY_COMPLETED);
 241:Drivers/STM32F0xx_HAL_Driver/Src/stm32f0xx_hal_pcd_ex.c **** #endif /* USE_HAL_PCD_REGISTER_CALLBACKS */
 242:Drivers/STM32F0xx_HAL_Driver/Src/stm32f0xx_hal_pcd_ex.c ****   }
 243:Drivers/STM32F0xx_HAL_Driver/Src/stm32f0xx_hal_pcd_ex.c **** }
 244:Drivers/STM32F0xx_HAL_Driver/Src/stm32f0xx_hal_pcd_ex.c **** 
 245:Drivers/STM32F0xx_HAL_Driver/Src/stm32f0xx_hal_pcd_ex.c **** 
 246:Drivers/STM32F0xx_HAL_Driver/Src/stm32f0xx_hal_pcd_ex.c **** /**
 247:Drivers/STM32F0xx_HAL_Driver/Src/stm32f0xx_hal_pcd_ex.c ****   * @brief  Activate LPM feature.
 248:Drivers/STM32F0xx_HAL_Driver/Src/stm32f0xx_hal_pcd_ex.c ****   * @param  hpcd PCD handle
 249:Drivers/STM32F0xx_HAL_Driver/Src/stm32f0xx_hal_pcd_ex.c ****   * @retval HAL status
 250:Drivers/STM32F0xx_HAL_Driver/Src/stm32f0xx_hal_pcd_ex.c ****   */
 251:Drivers/STM32F0xx_HAL_Driver/Src/stm32f0xx_hal_pcd_ex.c **** HAL_StatusTypeDef HAL_PCDEx_ActivateLPM(PCD_HandleTypeDef *hpcd)
 252:Drivers/STM32F0xx_HAL_Driver/Src/stm32f0xx_hal_pcd_ex.c **** {
 228              		.loc 1 252 1 is_stmt 1 view -0
 229              		.cfi_startproc
 230              		@ args = 0, pretend = 0, frame = 0
 231              		@ frame_needed = 0, uses_anonymous_args = 0
 232              		@ link register save eliminated.
 253:Drivers/STM32F0xx_HAL_Driver/Src/stm32f0xx_hal_pcd_ex.c **** 
 254:Drivers/STM32F0xx_HAL_Driver/Src/stm32f0xx_hal_pcd_ex.c ****   USB_TypeDef *USBx = hpcd->Instance;
 233              		.loc 1 254 3 view .LVU61
 234              		.loc 1 254 16 is_stmt 0 view .LVU62
 235 0000 0168     		ldr	r1, [r0]
 236              	.LVL17:
 255:Drivers/STM32F0xx_HAL_Driver/Src/stm32f0xx_hal_pcd_ex.c ****   hpcd->lpm_active = 1U;
 237              		.loc 1 255 3 is_stmt 1 view .LVU63
 238              		.loc 1 255 20 is_stmt 0 view .LVU64
 239 0002 BA23     		movs	r3, #186
 240 0004 9B00     		lsls	r3, r3, #2
 241 0006 0122     		movs	r2, #1
 242 0008 C250     		str	r2, [r0, r3]
 256:Drivers/STM32F0xx_HAL_Driver/Src/stm32f0xx_hal_pcd_ex.c ****   hpcd->LPM_State = LPM_L0;
 243              		.loc 1 256 3 is_stmt 1 view .LVU65
 244              		.loc 1 256 19 is_stmt 0 view .LVU66
 245 000a 083B     		subs	r3, r3, #8
 246 000c 0022     		movs	r2, #0
 247 000e C254     		strb	r2, [r0, r3]
 257:Drivers/STM32F0xx_HAL_Driver/Src/stm32f0xx_hal_pcd_ex.c **** 
 258:Drivers/STM32F0xx_HAL_Driver/Src/stm32f0xx_hal_pcd_ex.c ****   USBx->LPMCSR |= USB_LPMCSR_LMPEN;
 248              		.loc 1 258 3 is_stmt 1 view .LVU67
 249              		.loc 1 258 7 is_stmt 0 view .LVU68
 250 0010 5432     		adds	r2, r2, #84
ARM GAS  C:\Users\Daniel\AppData\Local\Temp\cceCbE3i.s 			page 10


 251 0012 8B5A     		ldrh	r3, [r1, r2]
 252              		.loc 1 258 16 view .LVU69
 253 0014 0120     		movs	r0, #1
 254              	.LVL18:
 255              		.loc 1 258 16 view .LVU70
 256 0016 0343     		orrs	r3, r0
 257 0018 9BB2     		uxth	r3, r3
 258 001a 8B52     		strh	r3, [r1, r2]
 259:Drivers/STM32F0xx_HAL_Driver/Src/stm32f0xx_hal_pcd_ex.c ****   USBx->LPMCSR |= USB_LPMCSR_LPMACK;
 259              		.loc 1 259 3 is_stmt 1 view .LVU71
 260              		.loc 1 259 7 is_stmt 0 view .LVU72
 261 001c 8B5A     		ldrh	r3, [r1, r2]
 262              		.loc 1 259 16 view .LVU73
 263 001e 0220     		movs	r0, #2
 264 0020 0343     		orrs	r3, r0
 265 0022 9BB2     		uxth	r3, r3
 266 0024 8B52     		strh	r3, [r1, r2]
 260:Drivers/STM32F0xx_HAL_Driver/Src/stm32f0xx_hal_pcd_ex.c **** 
 261:Drivers/STM32F0xx_HAL_Driver/Src/stm32f0xx_hal_pcd_ex.c ****   return HAL_OK;
 267              		.loc 1 261 3 is_stmt 1 view .LVU74
 262:Drivers/STM32F0xx_HAL_Driver/Src/stm32f0xx_hal_pcd_ex.c **** }
 268              		.loc 1 262 1 is_stmt 0 view .LVU75
 269 0026 0020     		movs	r0, #0
 270              		@ sp needed
 271 0028 7047     		bx	lr
 272              		.cfi_endproc
 273              	.LFE44:
 275              		.section	.text.HAL_PCDEx_DeActivateLPM,"ax",%progbits
 276              		.align	1
 277              		.global	HAL_PCDEx_DeActivateLPM
 278              		.syntax unified
 279              		.code	16
 280              		.thumb_func
 282              	HAL_PCDEx_DeActivateLPM:
 283              	.LVL19:
 284              	.LFB45:
 263:Drivers/STM32F0xx_HAL_Driver/Src/stm32f0xx_hal_pcd_ex.c **** 
 264:Drivers/STM32F0xx_HAL_Driver/Src/stm32f0xx_hal_pcd_ex.c **** /**
 265:Drivers/STM32F0xx_HAL_Driver/Src/stm32f0xx_hal_pcd_ex.c ****   * @brief  Deactivate LPM feature.
 266:Drivers/STM32F0xx_HAL_Driver/Src/stm32f0xx_hal_pcd_ex.c ****   * @param  hpcd PCD handle
 267:Drivers/STM32F0xx_HAL_Driver/Src/stm32f0xx_hal_pcd_ex.c ****   * @retval HAL status
 268:Drivers/STM32F0xx_HAL_Driver/Src/stm32f0xx_hal_pcd_ex.c ****   */
 269:Drivers/STM32F0xx_HAL_Driver/Src/stm32f0xx_hal_pcd_ex.c **** HAL_StatusTypeDef HAL_PCDEx_DeActivateLPM(PCD_HandleTypeDef *hpcd)
 270:Drivers/STM32F0xx_HAL_Driver/Src/stm32f0xx_hal_pcd_ex.c **** {
 285              		.loc 1 270 1 is_stmt 1 view -0
 286              		.cfi_startproc
 287              		@ args = 0, pretend = 0, frame = 0
 288              		@ frame_needed = 0, uses_anonymous_args = 0
 289              		@ link register save eliminated.
 271:Drivers/STM32F0xx_HAL_Driver/Src/stm32f0xx_hal_pcd_ex.c ****   USB_TypeDef *USBx = hpcd->Instance;
 290              		.loc 1 271 3 view .LVU77
 291              		.loc 1 271 16 is_stmt 0 view .LVU78
 292 0000 0268     		ldr	r2, [r0]
 293              	.LVL20:
 272:Drivers/STM32F0xx_HAL_Driver/Src/stm32f0xx_hal_pcd_ex.c **** 
 273:Drivers/STM32F0xx_HAL_Driver/Src/stm32f0xx_hal_pcd_ex.c ****   hpcd->lpm_active = 0U;
 294              		.loc 1 273 3 is_stmt 1 view .LVU79
ARM GAS  C:\Users\Daniel\AppData\Local\Temp\cceCbE3i.s 			page 11


 295              		.loc 1 273 20 is_stmt 0 view .LVU80
 296 0002 BA23     		movs	r3, #186
 297 0004 9B00     		lsls	r3, r3, #2
 298 0006 0021     		movs	r1, #0
 299 0008 C150     		str	r1, [r0, r3]
 274:Drivers/STM32F0xx_HAL_Driver/Src/stm32f0xx_hal_pcd_ex.c **** 
 275:Drivers/STM32F0xx_HAL_Driver/Src/stm32f0xx_hal_pcd_ex.c ****   USBx->LPMCSR &= ~(USB_LPMCSR_LMPEN);
 300              		.loc 1 275 3 is_stmt 1 view .LVU81
 301              		.loc 1 275 7 is_stmt 0 view .LVU82
 302 000a 5423     		movs	r3, #84
 303 000c D15A     		ldrh	r1, [r2, r3]
 304              		.loc 1 275 16 view .LVU83
 305 000e 0120     		movs	r0, #1
 306              	.LVL21:
 307              		.loc 1 275 16 view .LVU84
 308 0010 8143     		bics	r1, r0
 309 0012 D152     		strh	r1, [r2, r3]
 276:Drivers/STM32F0xx_HAL_Driver/Src/stm32f0xx_hal_pcd_ex.c ****   USBx->LPMCSR &= ~(USB_LPMCSR_LPMACK);
 310              		.loc 1 276 3 is_stmt 1 view .LVU85
 311              		.loc 1 276 7 is_stmt 0 view .LVU86
 312 0014 D15A     		ldrh	r1, [r2, r3]
 313              		.loc 1 276 16 view .LVU87
 314 0016 0130     		adds	r0, r0, #1
 315 0018 8143     		bics	r1, r0
 316 001a D152     		strh	r1, [r2, r3]
 277:Drivers/STM32F0xx_HAL_Driver/Src/stm32f0xx_hal_pcd_ex.c **** 
 278:Drivers/STM32F0xx_HAL_Driver/Src/stm32f0xx_hal_pcd_ex.c ****   return HAL_OK;
 317              		.loc 1 278 3 is_stmt 1 view .LVU88
 279:Drivers/STM32F0xx_HAL_Driver/Src/stm32f0xx_hal_pcd_ex.c **** }
 318              		.loc 1 279 1 is_stmt 0 view .LVU89
 319 001c 0020     		movs	r0, #0
 320              		@ sp needed
 321 001e 7047     		bx	lr
 322              		.cfi_endproc
 323              	.LFE45:
 325              		.section	.text.HAL_PCDEx_LPM_Callback,"ax",%progbits
 326              		.align	1
 327              		.weak	HAL_PCDEx_LPM_Callback
 328              		.syntax unified
 329              		.code	16
 330              		.thumb_func
 332              	HAL_PCDEx_LPM_Callback:
 333              	.LVL22:
 334              	.LFB46:
 280:Drivers/STM32F0xx_HAL_Driver/Src/stm32f0xx_hal_pcd_ex.c **** 
 281:Drivers/STM32F0xx_HAL_Driver/Src/stm32f0xx_hal_pcd_ex.c **** 
 282:Drivers/STM32F0xx_HAL_Driver/Src/stm32f0xx_hal_pcd_ex.c **** 
 283:Drivers/STM32F0xx_HAL_Driver/Src/stm32f0xx_hal_pcd_ex.c **** /**
 284:Drivers/STM32F0xx_HAL_Driver/Src/stm32f0xx_hal_pcd_ex.c ****   * @brief  Send LPM message to user layer callback.
 285:Drivers/STM32F0xx_HAL_Driver/Src/stm32f0xx_hal_pcd_ex.c ****   * @param  hpcd PCD handle
 286:Drivers/STM32F0xx_HAL_Driver/Src/stm32f0xx_hal_pcd_ex.c ****   * @param  msg LPM message
 287:Drivers/STM32F0xx_HAL_Driver/Src/stm32f0xx_hal_pcd_ex.c ****   * @retval HAL status
 288:Drivers/STM32F0xx_HAL_Driver/Src/stm32f0xx_hal_pcd_ex.c ****   */
 289:Drivers/STM32F0xx_HAL_Driver/Src/stm32f0xx_hal_pcd_ex.c **** __weak void HAL_PCDEx_LPM_Callback(PCD_HandleTypeDef *hpcd, PCD_LPM_MsgTypeDef msg)
 290:Drivers/STM32F0xx_HAL_Driver/Src/stm32f0xx_hal_pcd_ex.c **** {
 335              		.loc 1 290 1 is_stmt 1 view -0
 336              		.cfi_startproc
ARM GAS  C:\Users\Daniel\AppData\Local\Temp\cceCbE3i.s 			page 12


 337              		@ args = 0, pretend = 0, frame = 0
 338              		@ frame_needed = 0, uses_anonymous_args = 0
 339              		@ link register save eliminated.
 291:Drivers/STM32F0xx_HAL_Driver/Src/stm32f0xx_hal_pcd_ex.c ****   /* Prevent unused argument(s) compilation warning */
 292:Drivers/STM32F0xx_HAL_Driver/Src/stm32f0xx_hal_pcd_ex.c ****   UNUSED(hpcd);
 340              		.loc 1 292 3 view .LVU91
 293:Drivers/STM32F0xx_HAL_Driver/Src/stm32f0xx_hal_pcd_ex.c ****   UNUSED(msg);
 341              		.loc 1 293 3 view .LVU92
 294:Drivers/STM32F0xx_HAL_Driver/Src/stm32f0xx_hal_pcd_ex.c **** 
 295:Drivers/STM32F0xx_HAL_Driver/Src/stm32f0xx_hal_pcd_ex.c ****   /* NOTE : This function should not be modified, when the callback is needed,
 296:Drivers/STM32F0xx_HAL_Driver/Src/stm32f0xx_hal_pcd_ex.c ****             the HAL_PCDEx_LPM_Callback could be implemented in the user file
 297:Drivers/STM32F0xx_HAL_Driver/Src/stm32f0xx_hal_pcd_ex.c ****    */
 298:Drivers/STM32F0xx_HAL_Driver/Src/stm32f0xx_hal_pcd_ex.c **** }
 342              		.loc 1 298 1 is_stmt 0 view .LVU93
 343              		@ sp needed
 344 0000 7047     		bx	lr
 345              		.cfi_endproc
 346              	.LFE46:
 348              		.section	.text.HAL_PCDEx_BCD_Callback,"ax",%progbits
 349              		.align	1
 350              		.weak	HAL_PCDEx_BCD_Callback
 351              		.syntax unified
 352              		.code	16
 353              		.thumb_func
 355              	HAL_PCDEx_BCD_Callback:
 356              	.LVL23:
 357              	.LFB47:
 299:Drivers/STM32F0xx_HAL_Driver/Src/stm32f0xx_hal_pcd_ex.c **** 
 300:Drivers/STM32F0xx_HAL_Driver/Src/stm32f0xx_hal_pcd_ex.c **** /**
 301:Drivers/STM32F0xx_HAL_Driver/Src/stm32f0xx_hal_pcd_ex.c ****   * @brief  Send BatteryCharging message to user layer callback.
 302:Drivers/STM32F0xx_HAL_Driver/Src/stm32f0xx_hal_pcd_ex.c ****   * @param  hpcd PCD handle
 303:Drivers/STM32F0xx_HAL_Driver/Src/stm32f0xx_hal_pcd_ex.c ****   * @param  msg LPM message
 304:Drivers/STM32F0xx_HAL_Driver/Src/stm32f0xx_hal_pcd_ex.c ****   * @retval HAL status
 305:Drivers/STM32F0xx_HAL_Driver/Src/stm32f0xx_hal_pcd_ex.c ****   */
 306:Drivers/STM32F0xx_HAL_Driver/Src/stm32f0xx_hal_pcd_ex.c **** __weak void HAL_PCDEx_BCD_Callback(PCD_HandleTypeDef *hpcd, PCD_BCD_MsgTypeDef msg)
 307:Drivers/STM32F0xx_HAL_Driver/Src/stm32f0xx_hal_pcd_ex.c **** {
 358              		.loc 1 307 1 is_stmt 1 view -0
 359              		.cfi_startproc
 360              		@ args = 0, pretend = 0, frame = 0
 361              		@ frame_needed = 0, uses_anonymous_args = 0
 362              		@ link register save eliminated.
 308:Drivers/STM32F0xx_HAL_Driver/Src/stm32f0xx_hal_pcd_ex.c ****   /* Prevent unused argument(s) compilation warning */
 309:Drivers/STM32F0xx_HAL_Driver/Src/stm32f0xx_hal_pcd_ex.c ****   UNUSED(hpcd);
 363              		.loc 1 309 3 view .LVU95
 310:Drivers/STM32F0xx_HAL_Driver/Src/stm32f0xx_hal_pcd_ex.c ****   UNUSED(msg);
 364              		.loc 1 310 3 view .LVU96
 311:Drivers/STM32F0xx_HAL_Driver/Src/stm32f0xx_hal_pcd_ex.c **** 
 312:Drivers/STM32F0xx_HAL_Driver/Src/stm32f0xx_hal_pcd_ex.c ****   /* NOTE : This function should not be modified, when the callback is needed,
 313:Drivers/STM32F0xx_HAL_Driver/Src/stm32f0xx_hal_pcd_ex.c ****             the HAL_PCDEx_BCD_Callback could be implemented in the user file
 314:Drivers/STM32F0xx_HAL_Driver/Src/stm32f0xx_hal_pcd_ex.c ****    */
 315:Drivers/STM32F0xx_HAL_Driver/Src/stm32f0xx_hal_pcd_ex.c **** }
 365              		.loc 1 315 1 is_stmt 0 view .LVU97
 366              		@ sp needed
 367 0000 7047     		bx	lr
 368              		.cfi_endproc
 369              	.LFE47:
 371              		.section	.text.HAL_PCDEx_BCD_VBUSDetect,"ax",%progbits
ARM GAS  C:\Users\Daniel\AppData\Local\Temp\cceCbE3i.s 			page 13


 372              		.align	1
 373              		.global	HAL_PCDEx_BCD_VBUSDetect
 374              		.syntax unified
 375              		.code	16
 376              		.thumb_func
 378              	HAL_PCDEx_BCD_VBUSDetect:
 379              	.LVL24:
 380              	.LFB43:
 160:Drivers/STM32F0xx_HAL_Driver/Src/stm32f0xx_hal_pcd_ex.c ****   USB_TypeDef *USBx = hpcd->Instance;
 381              		.loc 1 160 1 is_stmt 1 view -0
 382              		.cfi_startproc
 383              		@ args = 0, pretend = 0, frame = 0
 384              		@ frame_needed = 0, uses_anonymous_args = 0
 160:Drivers/STM32F0xx_HAL_Driver/Src/stm32f0xx_hal_pcd_ex.c ****   USB_TypeDef *USBx = hpcd->Instance;
 385              		.loc 1 160 1 is_stmt 0 view .LVU99
 386 0000 F8B5     		push	{r3, r4, r5, r6, r7, lr}
 387              		.cfi_def_cfa_offset 24
 388              		.cfi_offset 3, -24
 389              		.cfi_offset 4, -20
 390              		.cfi_offset 5, -16
 391              		.cfi_offset 6, -12
 392              		.cfi_offset 7, -8
 393              		.cfi_offset 14, -4
 394 0002 0500     		movs	r5, r0
 161:Drivers/STM32F0xx_HAL_Driver/Src/stm32f0xx_hal_pcd_ex.c ****   uint32_t tickstart = HAL_GetTick();
 395              		.loc 1 161 3 is_stmt 1 view .LVU100
 161:Drivers/STM32F0xx_HAL_Driver/Src/stm32f0xx_hal_pcd_ex.c ****   uint32_t tickstart = HAL_GetTick();
 396              		.loc 1 161 16 is_stmt 0 view .LVU101
 397 0004 0468     		ldr	r4, [r0]
 398              	.LVL25:
 162:Drivers/STM32F0xx_HAL_Driver/Src/stm32f0xx_hal_pcd_ex.c **** 
 399              		.loc 1 162 3 is_stmt 1 view .LVU102
 162:Drivers/STM32F0xx_HAL_Driver/Src/stm32f0xx_hal_pcd_ex.c **** 
 400              		.loc 1 162 24 is_stmt 0 view .LVU103
 401 0006 FFF7FEFF 		bl	HAL_GetTick
 402              	.LVL26:
 162:Drivers/STM32F0xx_HAL_Driver/Src/stm32f0xx_hal_pcd_ex.c **** 
 403              		.loc 1 162 24 view .LVU104
 404 000a 0700     		movs	r7, r0
 405              	.LVL27:
 165:Drivers/STM32F0xx_HAL_Driver/Src/stm32f0xx_hal_pcd_ex.c **** 
 406              		.loc 1 165 3 is_stmt 1 view .LVU105
 407 000c 9620     		movs	r0, #150
 408              	.LVL28:
 165:Drivers/STM32F0xx_HAL_Driver/Src/stm32f0xx_hal_pcd_ex.c **** 
 409              		.loc 1 165 3 is_stmt 0 view .LVU106
 410 000e 4000     		lsls	r0, r0, #1
 411 0010 FFF7FEFF 		bl	HAL_Delay
 412              	.LVL29:
 168:Drivers/STM32F0xx_HAL_Driver/Src/stm32f0xx_hal_pcd_ex.c ****   {
 413              		.loc 1 168 3 is_stmt 1 view .LVU107
 168:Drivers/STM32F0xx_HAL_Driver/Src/stm32f0xx_hal_pcd_ex.c ****   {
 414              		.loc 1 168 12 is_stmt 0 view .LVU108
 415 0014 5823     		movs	r3, #88
 416 0016 E35A     		ldrh	r3, [r4, r3]
 168:Drivers/STM32F0xx_HAL_Driver/Src/stm32f0xx_hal_pcd_ex.c ****   {
 417              		.loc 1 168 6 view .LVU109
ARM GAS  C:\Users\Daniel\AppData\Local\Temp\cceCbE3i.s 			page 14


 418 0018 DB06     		lsls	r3, r3, #27
 419 001a 29D4     		bmi	.L20
 420              	.L13:
 178:Drivers/STM32F0xx_HAL_Driver/Src/stm32f0xx_hal_pcd_ex.c ****   HAL_Delay(50U);
 421              		.loc 1 178 3 is_stmt 1 view .LVU110
 178:Drivers/STM32F0xx_HAL_Driver/Src/stm32f0xx_hal_pcd_ex.c ****   HAL_Delay(50U);
 422              		.loc 1 178 7 is_stmt 0 view .LVU111
 423 001c 5826     		movs	r6, #88
 424 001e A35B     		ldrh	r3, [r4, r6]
 178:Drivers/STM32F0xx_HAL_Driver/Src/stm32f0xx_hal_pcd_ex.c ****   HAL_Delay(50U);
 425              		.loc 1 178 14 view .LVU112
 426 0020 0222     		movs	r2, #2
 427 0022 9343     		bics	r3, r2
 428 0024 A353     		strh	r3, [r4, r6]
 179:Drivers/STM32F0xx_HAL_Driver/Src/stm32f0xx_hal_pcd_ex.c ****   USBx->BCDR |= (USB_BCDR_PDEN);
 429              		.loc 1 179 3 is_stmt 1 view .LVU113
 430 0026 3220     		movs	r0, #50
 431 0028 FFF7FEFF 		bl	HAL_Delay
 432              	.LVL30:
 180:Drivers/STM32F0xx_HAL_Driver/Src/stm32f0xx_hal_pcd_ex.c ****   HAL_Delay(50U);
 433              		.loc 1 180 3 view .LVU114
 180:Drivers/STM32F0xx_HAL_Driver/Src/stm32f0xx_hal_pcd_ex.c ****   HAL_Delay(50U);
 434              		.loc 1 180 7 is_stmt 0 view .LVU115
 435 002c A35B     		ldrh	r3, [r4, r6]
 180:Drivers/STM32F0xx_HAL_Driver/Src/stm32f0xx_hal_pcd_ex.c ****   HAL_Delay(50U);
 436              		.loc 1 180 14 view .LVU116
 437 002e 0422     		movs	r2, #4
 438 0030 1343     		orrs	r3, r2
 439 0032 9BB2     		uxth	r3, r3
 440 0034 A353     		strh	r3, [r4, r6]
 181:Drivers/STM32F0xx_HAL_Driver/Src/stm32f0xx_hal_pcd_ex.c **** 
 441              		.loc 1 181 3 is_stmt 1 view .LVU117
 442 0036 3220     		movs	r0, #50
 443 0038 FFF7FEFF 		bl	HAL_Delay
 444              	.LVL31:
 184:Drivers/STM32F0xx_HAL_Driver/Src/stm32f0xx_hal_pcd_ex.c ****   {
 445              		.loc 1 184 3 view .LVU118
 184:Drivers/STM32F0xx_HAL_Driver/Src/stm32f0xx_hal_pcd_ex.c ****   {
 446              		.loc 1 184 12 is_stmt 0 view .LVU119
 447 003c A35B     		ldrh	r3, [r4, r6]
 184:Drivers/STM32F0xx_HAL_Driver/Src/stm32f0xx_hal_pcd_ex.c ****   {
 448              		.loc 1 184 6 view .LVU120
 449 003e 9B06     		lsls	r3, r3, #26
 450 0040 20D5     		bpl	.L14
 188:Drivers/STM32F0xx_HAL_Driver/Src/stm32f0xx_hal_pcd_ex.c ****     HAL_Delay(50U);
 451              		.loc 1 188 5 is_stmt 1 view .LVU121
 188:Drivers/STM32F0xx_HAL_Driver/Src/stm32f0xx_hal_pcd_ex.c ****     HAL_Delay(50U);
 452              		.loc 1 188 9 is_stmt 0 view .LVU122
 453 0042 A35B     		ldrh	r3, [r4, r6]
 188:Drivers/STM32F0xx_HAL_Driver/Src/stm32f0xx_hal_pcd_ex.c ****     HAL_Delay(50U);
 454              		.loc 1 188 16 view .LVU123
 455 0044 0422     		movs	r2, #4
 456 0046 9343     		bics	r3, r2
 457 0048 A353     		strh	r3, [r4, r6]
 189:Drivers/STM32F0xx_HAL_Driver/Src/stm32f0xx_hal_pcd_ex.c ****     USBx->BCDR |= (USB_BCDR_SDEN);
 458              		.loc 1 189 5 is_stmt 1 view .LVU124
 459 004a 3220     		movs	r0, #50
ARM GAS  C:\Users\Daniel\AppData\Local\Temp\cceCbE3i.s 			page 15


 460 004c FFF7FEFF 		bl	HAL_Delay
 461              	.LVL32:
 190:Drivers/STM32F0xx_HAL_Driver/Src/stm32f0xx_hal_pcd_ex.c ****     HAL_Delay(50U);
 462              		.loc 1 190 5 view .LVU125
 190:Drivers/STM32F0xx_HAL_Driver/Src/stm32f0xx_hal_pcd_ex.c ****     HAL_Delay(50U);
 463              		.loc 1 190 9 is_stmt 0 view .LVU126
 464 0050 A35B     		ldrh	r3, [r4, r6]
 190:Drivers/STM32F0xx_HAL_Driver/Src/stm32f0xx_hal_pcd_ex.c ****     HAL_Delay(50U);
 465              		.loc 1 190 16 view .LVU127
 466 0052 0822     		movs	r2, #8
 467 0054 1343     		orrs	r3, r2
 468 0056 9BB2     		uxth	r3, r3
 469 0058 A353     		strh	r3, [r4, r6]
 191:Drivers/STM32F0xx_HAL_Driver/Src/stm32f0xx_hal_pcd_ex.c **** 
 470              		.loc 1 191 5 is_stmt 1 view .LVU128
 471 005a 3220     		movs	r0, #50
 472 005c FFF7FEFF 		bl	HAL_Delay
 473              	.LVL33:
 194:Drivers/STM32F0xx_HAL_Driver/Src/stm32f0xx_hal_pcd_ex.c ****     {
 474              		.loc 1 194 5 view .LVU129
 194:Drivers/STM32F0xx_HAL_Driver/Src/stm32f0xx_hal_pcd_ex.c ****     {
 475              		.loc 1 194 14 is_stmt 0 view .LVU130
 476 0060 A35B     		ldrh	r3, [r4, r6]
 194:Drivers/STM32F0xx_HAL_Driver/Src/stm32f0xx_hal_pcd_ex.c ****     {
 477              		.loc 1 194 8 view .LVU131
 478 0062 5B06     		lsls	r3, r3, #25
 479 0064 09D5     		bpl	.L15
 200:Drivers/STM32F0xx_HAL_Driver/Src/stm32f0xx_hal_pcd_ex.c **** #endif /* USE_HAL_PCD_REGISTER_CALLBACKS */
 480              		.loc 1 200 7 is_stmt 1 view .LVU132
 481 0066 FB21     		movs	r1, #251
 482 0068 2800     		movs	r0, r5
 483 006a FFF7FEFF 		bl	HAL_PCDEx_BCD_Callback
 484              	.LVL34:
 485 006e 0DE0     		b	.L16
 486              	.L20:
 173:Drivers/STM32F0xx_HAL_Driver/Src/stm32f0xx_hal_pcd_ex.c **** #endif /* USE_HAL_PCD_REGISTER_CALLBACKS */
 487              		.loc 1 173 5 view .LVU133
 488 0070 FE21     		movs	r1, #254
 489 0072 2800     		movs	r0, r5
 490 0074 FFF7FEFF 		bl	HAL_PCDEx_BCD_Callback
 491              	.LVL35:
 492 0078 D0E7     		b	.L13
 493              	.L15:
 209:Drivers/STM32F0xx_HAL_Driver/Src/stm32f0xx_hal_pcd_ex.c **** #endif /* USE_HAL_PCD_REGISTER_CALLBACKS */
 494              		.loc 1 209 7 view .LVU134
 495 007a FC21     		movs	r1, #252
 496 007c 2800     		movs	r0, r5
 497 007e FFF7FEFF 		bl	HAL_PCDEx_BCD_Callback
 498              	.LVL36:
 499 0082 03E0     		b	.L16
 500              	.L14:
 219:Drivers/STM32F0xx_HAL_Driver/Src/stm32f0xx_hal_pcd_ex.c **** #endif /* USE_HAL_PCD_REGISTER_CALLBACKS */
 501              		.loc 1 219 5 view .LVU135
 502 0084 FD21     		movs	r1, #253
 503 0086 2800     		movs	r0, r5
 504 0088 FFF7FEFF 		bl	HAL_PCDEx_BCD_Callback
 505              	.LVL37:
ARM GAS  C:\Users\Daniel\AppData\Local\Temp\cceCbE3i.s 			page 16


 506              	.L16:
 224:Drivers/STM32F0xx_HAL_Driver/Src/stm32f0xx_hal_pcd_ex.c **** 
 507              		.loc 1 224 3 view .LVU136
 224:Drivers/STM32F0xx_HAL_Driver/Src/stm32f0xx_hal_pcd_ex.c **** 
 508              		.loc 1 224 9 is_stmt 0 view .LVU137
 509 008c 2800     		movs	r0, r5
 510 008e FFF7FEFF 		bl	HAL_PCDEx_DeActivateBCD
 511              	.LVL38:
 227:Drivers/STM32F0xx_HAL_Driver/Src/stm32f0xx_hal_pcd_ex.c ****   {
 512              		.loc 1 227 3 is_stmt 1 view .LVU138
 227:Drivers/STM32F0xx_HAL_Driver/Src/stm32f0xx_hal_pcd_ex.c ****   {
 513              		.loc 1 227 8 is_stmt 0 view .LVU139
 514 0092 FFF7FEFF 		bl	HAL_GetTick
 515              	.LVL39:
 227:Drivers/STM32F0xx_HAL_Driver/Src/stm32f0xx_hal_pcd_ex.c ****   {
 516              		.loc 1 227 22 view .LVU140
 517 0096 C01B     		subs	r0, r0, r7
 227:Drivers/STM32F0xx_HAL_Driver/Src/stm32f0xx_hal_pcd_ex.c ****   {
 518              		.loc 1 227 6 view .LVU141
 519 0098 FA23     		movs	r3, #250
 520 009a 9B00     		lsls	r3, r3, #2
 521 009c 9842     		cmp	r0, r3
 522 009e 04D9     		bls	.L17
 232:Drivers/STM32F0xx_HAL_Driver/Src/stm32f0xx_hal_pcd_ex.c **** #endif /* USE_HAL_PCD_REGISTER_CALLBACKS */
 523              		.loc 1 232 5 is_stmt 1 view .LVU142
 524 00a0 FF21     		movs	r1, #255
 525 00a2 2800     		movs	r0, r5
 526 00a4 FFF7FEFF 		bl	HAL_PCDEx_BCD_Callback
 527              	.LVL40:
 528              	.L12:
 243:Drivers/STM32F0xx_HAL_Driver/Src/stm32f0xx_hal_pcd_ex.c **** 
 529              		.loc 1 243 1 is_stmt 0 view .LVU143
 530              		@ sp needed
 531              	.LVL41:
 532              	.LVL42:
 533              	.LVL43:
 243:Drivers/STM32F0xx_HAL_Driver/Src/stm32f0xx_hal_pcd_ex.c **** 
 534              		.loc 1 243 1 view .LVU144
 535 00a8 F8BD     		pop	{r3, r4, r5, r6, r7, pc}
 536              	.LVL44:
 537              	.L17:
 240:Drivers/STM32F0xx_HAL_Driver/Src/stm32f0xx_hal_pcd_ex.c **** #endif /* USE_HAL_PCD_REGISTER_CALLBACKS */
 538              		.loc 1 240 5 is_stmt 1 view .LVU145
 539 00aa 0021     		movs	r1, #0
 540 00ac 2800     		movs	r0, r5
 541 00ae FFF7FEFF 		bl	HAL_PCDEx_BCD_Callback
 542              	.LVL45:
 243:Drivers/STM32F0xx_HAL_Driver/Src/stm32f0xx_hal_pcd_ex.c **** 
 543              		.loc 1 243 1 is_stmt 0 view .LVU146
 544 00b2 F9E7     		b	.L12
 545              		.cfi_endproc
 546              	.LFE43:
 548              		.text
 549              	.Letext0:
 550              		.file 2 "c:\\users\\daniel\\appdata\\roaming\\code\\user\\globalstorage\\bmd.stm32-for-vscode\\@xp
 551              		.file 3 "c:\\users\\daniel\\appdata\\roaming\\code\\user\\globalstorage\\bmd.stm32-for-vscode\\@xp
 552              		.file 4 "Drivers/CMSIS/Device/ST/STM32F0xx/Include/stm32f042x6.h"
ARM GAS  C:\Users\Daniel\AppData\Local\Temp\cceCbE3i.s 			page 17


 553              		.file 5 "Drivers/STM32F0xx_HAL_Driver/Inc/stm32f0xx_hal_def.h"
 554              		.file 6 "Drivers/STM32F0xx_HAL_Driver/Inc/stm32f0xx_ll_usb.h"
 555              		.file 7 "Drivers/STM32F0xx_HAL_Driver/Inc/stm32f0xx_hal_pcd.h"
 556              		.file 8 "Drivers/STM32F0xx_HAL_Driver/Inc/stm32f0xx_hal.h"
ARM GAS  C:\Users\Daniel\AppData\Local\Temp\cceCbE3i.s 			page 18


DEFINED SYMBOLS
                            *ABS*:00000000 stm32f0xx_hal_pcd_ex.c
C:\Users\Daniel\AppData\Local\Temp\cceCbE3i.s:19     .text.HAL_PCDEx_PMAConfig:00000000 $t
C:\Users\Daniel\AppData\Local\Temp\cceCbE3i.s:25     .text.HAL_PCDEx_PMAConfig:00000000 HAL_PCDEx_PMAConfig
C:\Users\Daniel\AppData\Local\Temp\cceCbE3i.s:110    .text.HAL_PCDEx_ActivateBCD:00000000 $t
C:\Users\Daniel\AppData\Local\Temp\cceCbE3i.s:116    .text.HAL_PCDEx_ActivateBCD:00000000 HAL_PCDEx_ActivateBCD
C:\Users\Daniel\AppData\Local\Temp\cceCbE3i.s:176    .text.HAL_PCDEx_DeActivateBCD:00000000 $t
C:\Users\Daniel\AppData\Local\Temp\cceCbE3i.s:182    .text.HAL_PCDEx_DeActivateBCD:00000000 HAL_PCDEx_DeActivateBCD
C:\Users\Daniel\AppData\Local\Temp\cceCbE3i.s:219    .text.HAL_PCDEx_ActivateLPM:00000000 $t
C:\Users\Daniel\AppData\Local\Temp\cceCbE3i.s:225    .text.HAL_PCDEx_ActivateLPM:00000000 HAL_PCDEx_ActivateLPM
C:\Users\Daniel\AppData\Local\Temp\cceCbE3i.s:276    .text.HAL_PCDEx_DeActivateLPM:00000000 $t
C:\Users\Daniel\AppData\Local\Temp\cceCbE3i.s:282    .text.HAL_PCDEx_DeActivateLPM:00000000 HAL_PCDEx_DeActivateLPM
C:\Users\Daniel\AppData\Local\Temp\cceCbE3i.s:326    .text.HAL_PCDEx_LPM_Callback:00000000 $t
C:\Users\Daniel\AppData\Local\Temp\cceCbE3i.s:332    .text.HAL_PCDEx_LPM_Callback:00000000 HAL_PCDEx_LPM_Callback
C:\Users\Daniel\AppData\Local\Temp\cceCbE3i.s:349    .text.HAL_PCDEx_BCD_Callback:00000000 $t
C:\Users\Daniel\AppData\Local\Temp\cceCbE3i.s:355    .text.HAL_PCDEx_BCD_Callback:00000000 HAL_PCDEx_BCD_Callback
C:\Users\Daniel\AppData\Local\Temp\cceCbE3i.s:372    .text.HAL_PCDEx_BCD_VBUSDetect:00000000 $t
C:\Users\Daniel\AppData\Local\Temp\cceCbE3i.s:378    .text.HAL_PCDEx_BCD_VBUSDetect:00000000 HAL_PCDEx_BCD_VBUSDetect

UNDEFINED SYMBOLS
HAL_GetTick
HAL_Delay
