ARM GAS  C:\Users\Daniel\AppData\Local\Temp\ccKLJnli.s 			page 1


   1              		.cpu cortex-m0
   2              		.arch armv6s-m
   3              		.fpu softvfp
   4              		.eabi_attribute 20, 1
   5              		.eabi_attribute 21, 1
   6              		.eabi_attribute 23, 3
   7              		.eabi_attribute 24, 1
   8              		.eabi_attribute 25, 1
   9              		.eabi_attribute 26, 1
  10              		.eabi_attribute 30, 1
  11              		.eabi_attribute 34, 0
  12              		.eabi_attribute 18, 4
  13              		.file	"usbd_desc.c"
  14              		.text
  15              	.Ltext0:
  16              		.cfi_sections	.debug_frame
  17              		.file 1 "USB_DEVICE/App/usbd_desc.c"
  18              		.section	.text.USBD_FS_DeviceDescriptor,"ax",%progbits
  19              		.align	1
  20              		.global	USBD_FS_DeviceDescriptor
  21              		.syntax unified
  22              		.code	16
  23              		.thumb_func
  25              	USBD_FS_DeviceDescriptor:
  26              	.LVL0:
  27              	.LFB43:
   1:USB_DEVICE/App/usbd_desc.c **** /* USER CODE BEGIN Header */
   2:USB_DEVICE/App/usbd_desc.c **** /**
   3:USB_DEVICE/App/usbd_desc.c ****   ******************************************************************************
   4:USB_DEVICE/App/usbd_desc.c ****   * @file           : App/usbd_desc.c
   5:USB_DEVICE/App/usbd_desc.c ****   * @version        : v2.0_Cube
   6:USB_DEVICE/App/usbd_desc.c ****   * @brief          : This file implements the USB device descriptors.
   7:USB_DEVICE/App/usbd_desc.c ****   ******************************************************************************
   8:USB_DEVICE/App/usbd_desc.c ****   * @attention
   9:USB_DEVICE/App/usbd_desc.c ****   *
  10:USB_DEVICE/App/usbd_desc.c ****   * Copyright (c) 2023 STMicroelectronics.
  11:USB_DEVICE/App/usbd_desc.c ****   * All rights reserved.
  12:USB_DEVICE/App/usbd_desc.c ****   *
  13:USB_DEVICE/App/usbd_desc.c ****   * This software is licensed under terms that can be found in the LICENSE file
  14:USB_DEVICE/App/usbd_desc.c ****   * in the root directory of this software component.
  15:USB_DEVICE/App/usbd_desc.c ****   * If no LICENSE file comes with this software, it is provided AS-IS.
  16:USB_DEVICE/App/usbd_desc.c ****   *
  17:USB_DEVICE/App/usbd_desc.c ****   ******************************************************************************
  18:USB_DEVICE/App/usbd_desc.c ****   */
  19:USB_DEVICE/App/usbd_desc.c **** /* USER CODE END Header */
  20:USB_DEVICE/App/usbd_desc.c **** 
  21:USB_DEVICE/App/usbd_desc.c **** /* Includes ------------------------------------------------------------------*/
  22:USB_DEVICE/App/usbd_desc.c **** #include "usbd_core.h"
  23:USB_DEVICE/App/usbd_desc.c **** #include "usbd_desc.h"
  24:USB_DEVICE/App/usbd_desc.c **** #include "usbd_conf.h"
  25:USB_DEVICE/App/usbd_desc.c **** 
  26:USB_DEVICE/App/usbd_desc.c **** /* USER CODE BEGIN INCLUDE */
  27:USB_DEVICE/App/usbd_desc.c **** 
  28:USB_DEVICE/App/usbd_desc.c **** /* USER CODE END INCLUDE */
  29:USB_DEVICE/App/usbd_desc.c **** 
  30:USB_DEVICE/App/usbd_desc.c **** /* Private typedef -----------------------------------------------------------*/
  31:USB_DEVICE/App/usbd_desc.c **** /* Private define ------------------------------------------------------------*/
ARM GAS  C:\Users\Daniel\AppData\Local\Temp\ccKLJnli.s 			page 2


  32:USB_DEVICE/App/usbd_desc.c **** /* Private macro -------------------------------------------------------------*/
  33:USB_DEVICE/App/usbd_desc.c **** 
  34:USB_DEVICE/App/usbd_desc.c **** /* USER CODE BEGIN PV */
  35:USB_DEVICE/App/usbd_desc.c **** /* Private variables ---------------------------------------------------------*/
  36:USB_DEVICE/App/usbd_desc.c **** 
  37:USB_DEVICE/App/usbd_desc.c **** /* USER CODE END PV */
  38:USB_DEVICE/App/usbd_desc.c **** 
  39:USB_DEVICE/App/usbd_desc.c **** /** @addtogroup STM32_USB_OTG_DEVICE_LIBRARY
  40:USB_DEVICE/App/usbd_desc.c ****   * @{
  41:USB_DEVICE/App/usbd_desc.c ****   */
  42:USB_DEVICE/App/usbd_desc.c **** 
  43:USB_DEVICE/App/usbd_desc.c **** /** @addtogroup USBD_DESC
  44:USB_DEVICE/App/usbd_desc.c ****   * @{
  45:USB_DEVICE/App/usbd_desc.c ****   */
  46:USB_DEVICE/App/usbd_desc.c **** 
  47:USB_DEVICE/App/usbd_desc.c **** /** @defgroup USBD_DESC_Private_TypesDefinitions USBD_DESC_Private_TypesDefinitions
  48:USB_DEVICE/App/usbd_desc.c ****   * @brief Private types.
  49:USB_DEVICE/App/usbd_desc.c ****   * @{
  50:USB_DEVICE/App/usbd_desc.c ****   */
  51:USB_DEVICE/App/usbd_desc.c **** 
  52:USB_DEVICE/App/usbd_desc.c **** /* USER CODE BEGIN PRIVATE_TYPES */
  53:USB_DEVICE/App/usbd_desc.c **** 
  54:USB_DEVICE/App/usbd_desc.c **** /* USER CODE END PRIVATE_TYPES */
  55:USB_DEVICE/App/usbd_desc.c **** 
  56:USB_DEVICE/App/usbd_desc.c **** /**
  57:USB_DEVICE/App/usbd_desc.c ****   * @}
  58:USB_DEVICE/App/usbd_desc.c ****   */
  59:USB_DEVICE/App/usbd_desc.c **** 
  60:USB_DEVICE/App/usbd_desc.c **** /** @defgroup USBD_DESC_Private_Defines USBD_DESC_Private_Defines
  61:USB_DEVICE/App/usbd_desc.c ****   * @brief Private defines.
  62:USB_DEVICE/App/usbd_desc.c ****   * @{
  63:USB_DEVICE/App/usbd_desc.c ****   */
  64:USB_DEVICE/App/usbd_desc.c **** 
  65:USB_DEVICE/App/usbd_desc.c **** #define USBD_VID     1155
  66:USB_DEVICE/App/usbd_desc.c **** #define USBD_LANGID_STRING     1033
  67:USB_DEVICE/App/usbd_desc.c **** #define USBD_MANUFACTURER_STRING     "RariTech"
  68:USB_DEVICE/App/usbd_desc.c **** #define USBD_PID_FS     22336
  69:USB_DEVICE/App/usbd_desc.c **** #define USBD_PRODUCT_STRING_FS     "Business Card"
  70:USB_DEVICE/App/usbd_desc.c **** #define USBD_CONFIGURATION_STRING_FS     "CDC Config"
  71:USB_DEVICE/App/usbd_desc.c **** #define USBD_INTERFACE_STRING_FS     "CDC Interface"
  72:USB_DEVICE/App/usbd_desc.c **** 
  73:USB_DEVICE/App/usbd_desc.c **** /* USER CODE BEGIN PRIVATE_DEFINES */
  74:USB_DEVICE/App/usbd_desc.c **** 
  75:USB_DEVICE/App/usbd_desc.c **** /* USER CODE END PRIVATE_DEFINES */
  76:USB_DEVICE/App/usbd_desc.c **** 
  77:USB_DEVICE/App/usbd_desc.c **** /**
  78:USB_DEVICE/App/usbd_desc.c ****   * @}
  79:USB_DEVICE/App/usbd_desc.c ****   */
  80:USB_DEVICE/App/usbd_desc.c **** 
  81:USB_DEVICE/App/usbd_desc.c **** /* USER CODE BEGIN 0 */
  82:USB_DEVICE/App/usbd_desc.c **** 
  83:USB_DEVICE/App/usbd_desc.c **** /* USER CODE END 0 */
  84:USB_DEVICE/App/usbd_desc.c **** 
  85:USB_DEVICE/App/usbd_desc.c **** /** @defgroup USBD_DESC_Private_Macros USBD_DESC_Private_Macros
  86:USB_DEVICE/App/usbd_desc.c ****   * @brief Private macros.
  87:USB_DEVICE/App/usbd_desc.c ****   * @{
  88:USB_DEVICE/App/usbd_desc.c ****   */
ARM GAS  C:\Users\Daniel\AppData\Local\Temp\ccKLJnli.s 			page 3


  89:USB_DEVICE/App/usbd_desc.c **** 
  90:USB_DEVICE/App/usbd_desc.c **** /* USER CODE BEGIN PRIVATE_MACRO */
  91:USB_DEVICE/App/usbd_desc.c **** 
  92:USB_DEVICE/App/usbd_desc.c **** /* USER CODE END PRIVATE_MACRO */
  93:USB_DEVICE/App/usbd_desc.c **** 
  94:USB_DEVICE/App/usbd_desc.c **** /**
  95:USB_DEVICE/App/usbd_desc.c ****   * @}
  96:USB_DEVICE/App/usbd_desc.c ****   */
  97:USB_DEVICE/App/usbd_desc.c **** 
  98:USB_DEVICE/App/usbd_desc.c **** /** @defgroup USBD_DESC_Private_FunctionPrototypes USBD_DESC_Private_FunctionPrototypes
  99:USB_DEVICE/App/usbd_desc.c ****   * @brief Private functions declaration.
 100:USB_DEVICE/App/usbd_desc.c ****   * @{
 101:USB_DEVICE/App/usbd_desc.c ****   */
 102:USB_DEVICE/App/usbd_desc.c **** 
 103:USB_DEVICE/App/usbd_desc.c **** static void Get_SerialNum(void);
 104:USB_DEVICE/App/usbd_desc.c **** static void IntToUnicode(uint32_t value, uint8_t * pbuf, uint8_t len);
 105:USB_DEVICE/App/usbd_desc.c **** 
 106:USB_DEVICE/App/usbd_desc.c **** /**
 107:USB_DEVICE/App/usbd_desc.c ****   * @}
 108:USB_DEVICE/App/usbd_desc.c ****   */
 109:USB_DEVICE/App/usbd_desc.c **** 
 110:USB_DEVICE/App/usbd_desc.c **** /** @defgroup USBD_DESC_Private_FunctionPrototypes USBD_DESC_Private_FunctionPrototypes
 111:USB_DEVICE/App/usbd_desc.c ****   * @brief Private functions declaration for FS.
 112:USB_DEVICE/App/usbd_desc.c ****   * @{
 113:USB_DEVICE/App/usbd_desc.c ****   */
 114:USB_DEVICE/App/usbd_desc.c **** 
 115:USB_DEVICE/App/usbd_desc.c **** uint8_t * USBD_FS_DeviceDescriptor(USBD_SpeedTypeDef speed, uint16_t *length);
 116:USB_DEVICE/App/usbd_desc.c **** uint8_t * USBD_FS_LangIDStrDescriptor(USBD_SpeedTypeDef speed, uint16_t *length);
 117:USB_DEVICE/App/usbd_desc.c **** uint8_t * USBD_FS_ManufacturerStrDescriptor(USBD_SpeedTypeDef speed, uint16_t *length);
 118:USB_DEVICE/App/usbd_desc.c **** uint8_t * USBD_FS_ProductStrDescriptor(USBD_SpeedTypeDef speed, uint16_t *length);
 119:USB_DEVICE/App/usbd_desc.c **** uint8_t * USBD_FS_SerialStrDescriptor(USBD_SpeedTypeDef speed, uint16_t *length);
 120:USB_DEVICE/App/usbd_desc.c **** uint8_t * USBD_FS_ConfigStrDescriptor(USBD_SpeedTypeDef speed, uint16_t *length);
 121:USB_DEVICE/App/usbd_desc.c **** uint8_t * USBD_FS_InterfaceStrDescriptor(USBD_SpeedTypeDef speed, uint16_t *length);
 122:USB_DEVICE/App/usbd_desc.c **** 
 123:USB_DEVICE/App/usbd_desc.c **** /**
 124:USB_DEVICE/App/usbd_desc.c ****   * @}
 125:USB_DEVICE/App/usbd_desc.c ****   */
 126:USB_DEVICE/App/usbd_desc.c **** 
 127:USB_DEVICE/App/usbd_desc.c **** /** @defgroup USBD_DESC_Private_Variables USBD_DESC_Private_Variables
 128:USB_DEVICE/App/usbd_desc.c ****   * @brief Private variables.
 129:USB_DEVICE/App/usbd_desc.c ****   * @{
 130:USB_DEVICE/App/usbd_desc.c ****   */
 131:USB_DEVICE/App/usbd_desc.c **** 
 132:USB_DEVICE/App/usbd_desc.c **** USBD_DescriptorsTypeDef FS_Desc =
 133:USB_DEVICE/App/usbd_desc.c **** {
 134:USB_DEVICE/App/usbd_desc.c ****   USBD_FS_DeviceDescriptor
 135:USB_DEVICE/App/usbd_desc.c **** , USBD_FS_LangIDStrDescriptor
 136:USB_DEVICE/App/usbd_desc.c **** , USBD_FS_ManufacturerStrDescriptor
 137:USB_DEVICE/App/usbd_desc.c **** , USBD_FS_ProductStrDescriptor
 138:USB_DEVICE/App/usbd_desc.c **** , USBD_FS_SerialStrDescriptor
 139:USB_DEVICE/App/usbd_desc.c **** , USBD_FS_ConfigStrDescriptor
 140:USB_DEVICE/App/usbd_desc.c **** , USBD_FS_InterfaceStrDescriptor
 141:USB_DEVICE/App/usbd_desc.c **** };
 142:USB_DEVICE/App/usbd_desc.c **** 
 143:USB_DEVICE/App/usbd_desc.c **** #if defined ( __ICCARM__ ) /* IAR Compiler */
 144:USB_DEVICE/App/usbd_desc.c ****   #pragma data_alignment=4
 145:USB_DEVICE/App/usbd_desc.c **** #endif /* defined ( __ICCARM__ ) */
ARM GAS  C:\Users\Daniel\AppData\Local\Temp\ccKLJnli.s 			page 4


 146:USB_DEVICE/App/usbd_desc.c **** /** USB standard device descriptor. */
 147:USB_DEVICE/App/usbd_desc.c **** __ALIGN_BEGIN uint8_t USBD_FS_DeviceDesc[USB_LEN_DEV_DESC] __ALIGN_END =
 148:USB_DEVICE/App/usbd_desc.c **** {
 149:USB_DEVICE/App/usbd_desc.c ****   0x12,                       /*bLength */
 150:USB_DEVICE/App/usbd_desc.c ****   USB_DESC_TYPE_DEVICE,       /*bDescriptorType*/
 151:USB_DEVICE/App/usbd_desc.c ****   0x00,                       /*bcdUSB */
 152:USB_DEVICE/App/usbd_desc.c ****   0x02,
 153:USB_DEVICE/App/usbd_desc.c ****   0x02,                       /*bDeviceClass*/
 154:USB_DEVICE/App/usbd_desc.c ****   0x02,                       /*bDeviceSubClass*/
 155:USB_DEVICE/App/usbd_desc.c ****   0x00,                       /*bDeviceProtocol*/
 156:USB_DEVICE/App/usbd_desc.c ****   USB_MAX_EP0_SIZE,           /*bMaxPacketSize*/
 157:USB_DEVICE/App/usbd_desc.c ****   LOBYTE(USBD_VID),           /*idVendor*/
 158:USB_DEVICE/App/usbd_desc.c ****   HIBYTE(USBD_VID),           /*idVendor*/
 159:USB_DEVICE/App/usbd_desc.c ****   LOBYTE(USBD_PID_FS),        /*idProduct*/
 160:USB_DEVICE/App/usbd_desc.c ****   HIBYTE(USBD_PID_FS),        /*idProduct*/
 161:USB_DEVICE/App/usbd_desc.c ****   0x00,                       /*bcdDevice rel. 2.00*/
 162:USB_DEVICE/App/usbd_desc.c ****   0x02,
 163:USB_DEVICE/App/usbd_desc.c ****   USBD_IDX_MFC_STR,           /*Index of manufacturer  string*/
 164:USB_DEVICE/App/usbd_desc.c ****   USBD_IDX_PRODUCT_STR,       /*Index of product string*/
 165:USB_DEVICE/App/usbd_desc.c ****   USBD_IDX_SERIAL_STR,        /*Index of serial number string*/
 166:USB_DEVICE/App/usbd_desc.c ****   USBD_MAX_NUM_CONFIGURATION  /*bNumConfigurations*/
 167:USB_DEVICE/App/usbd_desc.c **** };
 168:USB_DEVICE/App/usbd_desc.c **** 
 169:USB_DEVICE/App/usbd_desc.c **** /* USB_DeviceDescriptor */
 170:USB_DEVICE/App/usbd_desc.c **** 
 171:USB_DEVICE/App/usbd_desc.c **** /**
 172:USB_DEVICE/App/usbd_desc.c ****   * @}
 173:USB_DEVICE/App/usbd_desc.c ****   */
 174:USB_DEVICE/App/usbd_desc.c **** 
 175:USB_DEVICE/App/usbd_desc.c **** /** @defgroup USBD_DESC_Private_Variables USBD_DESC_Private_Variables
 176:USB_DEVICE/App/usbd_desc.c ****   * @brief Private variables.
 177:USB_DEVICE/App/usbd_desc.c ****   * @{
 178:USB_DEVICE/App/usbd_desc.c ****   */
 179:USB_DEVICE/App/usbd_desc.c **** 
 180:USB_DEVICE/App/usbd_desc.c **** #if defined ( __ICCARM__ ) /* IAR Compiler */
 181:USB_DEVICE/App/usbd_desc.c ****   #pragma data_alignment=4
 182:USB_DEVICE/App/usbd_desc.c **** #endif /* defined ( __ICCARM__ ) */
 183:USB_DEVICE/App/usbd_desc.c **** 
 184:USB_DEVICE/App/usbd_desc.c **** /** USB lang identifier descriptor. */
 185:USB_DEVICE/App/usbd_desc.c **** __ALIGN_BEGIN uint8_t USBD_LangIDDesc[USB_LEN_LANGID_STR_DESC] __ALIGN_END =
 186:USB_DEVICE/App/usbd_desc.c **** {
 187:USB_DEVICE/App/usbd_desc.c ****      USB_LEN_LANGID_STR_DESC,
 188:USB_DEVICE/App/usbd_desc.c ****      USB_DESC_TYPE_STRING,
 189:USB_DEVICE/App/usbd_desc.c ****      LOBYTE(USBD_LANGID_STRING),
 190:USB_DEVICE/App/usbd_desc.c ****      HIBYTE(USBD_LANGID_STRING)
 191:USB_DEVICE/App/usbd_desc.c **** };
 192:USB_DEVICE/App/usbd_desc.c **** 
 193:USB_DEVICE/App/usbd_desc.c **** #if defined ( __ICCARM__ ) /* IAR Compiler */
 194:USB_DEVICE/App/usbd_desc.c ****   #pragma data_alignment=4
 195:USB_DEVICE/App/usbd_desc.c **** #endif /* defined ( __ICCARM__ ) */
 196:USB_DEVICE/App/usbd_desc.c **** /* Internal string descriptor. */
 197:USB_DEVICE/App/usbd_desc.c **** __ALIGN_BEGIN uint8_t USBD_StrDesc[USBD_MAX_STR_DESC_SIZ] __ALIGN_END;
 198:USB_DEVICE/App/usbd_desc.c **** 
 199:USB_DEVICE/App/usbd_desc.c **** #if defined ( __ICCARM__ ) /*!< IAR Compiler */
 200:USB_DEVICE/App/usbd_desc.c ****   #pragma data_alignment=4
 201:USB_DEVICE/App/usbd_desc.c **** #endif
 202:USB_DEVICE/App/usbd_desc.c **** __ALIGN_BEGIN uint8_t USBD_StringSerial[USB_SIZ_STRING_SERIAL] __ALIGN_END = {
ARM GAS  C:\Users\Daniel\AppData\Local\Temp\ccKLJnli.s 			page 5


 203:USB_DEVICE/App/usbd_desc.c ****   USB_SIZ_STRING_SERIAL,
 204:USB_DEVICE/App/usbd_desc.c ****   USB_DESC_TYPE_STRING,
 205:USB_DEVICE/App/usbd_desc.c **** };
 206:USB_DEVICE/App/usbd_desc.c **** 
 207:USB_DEVICE/App/usbd_desc.c **** /**
 208:USB_DEVICE/App/usbd_desc.c ****   * @}
 209:USB_DEVICE/App/usbd_desc.c ****   */
 210:USB_DEVICE/App/usbd_desc.c **** 
 211:USB_DEVICE/App/usbd_desc.c **** /** @defgroup USBD_DESC_Private_Functions USBD_DESC_Private_Functions
 212:USB_DEVICE/App/usbd_desc.c ****   * @brief Private functions.
 213:USB_DEVICE/App/usbd_desc.c ****   * @{
 214:USB_DEVICE/App/usbd_desc.c ****   */
 215:USB_DEVICE/App/usbd_desc.c **** 
 216:USB_DEVICE/App/usbd_desc.c **** /**
 217:USB_DEVICE/App/usbd_desc.c ****   * @brief  Return the device descriptor
 218:USB_DEVICE/App/usbd_desc.c ****   * @param  speed : Current device speed
 219:USB_DEVICE/App/usbd_desc.c ****   * @param  length : Pointer to data length variable
 220:USB_DEVICE/App/usbd_desc.c ****   * @retval Pointer to descriptor buffer
 221:USB_DEVICE/App/usbd_desc.c ****   */
 222:USB_DEVICE/App/usbd_desc.c **** uint8_t * USBD_FS_DeviceDescriptor(USBD_SpeedTypeDef speed, uint16_t *length)
 223:USB_DEVICE/App/usbd_desc.c **** {
  28              		.loc 1 223 1 view -0
  29              		.cfi_startproc
  30              		@ args = 0, pretend = 0, frame = 0
  31              		@ frame_needed = 0, uses_anonymous_args = 0
  32              		@ link register save eliminated.
 224:USB_DEVICE/App/usbd_desc.c ****   UNUSED(speed);
  33              		.loc 1 224 3 view .LVU1
 225:USB_DEVICE/App/usbd_desc.c ****   *length = sizeof(USBD_FS_DeviceDesc);
  34              		.loc 1 225 3 view .LVU2
  35              		.loc 1 225 11 is_stmt 0 view .LVU3
  36 0000 1223     		movs	r3, #18
  37 0002 0B80     		strh	r3, [r1]
 226:USB_DEVICE/App/usbd_desc.c ****   return USBD_FS_DeviceDesc;
  38              		.loc 1 226 3 is_stmt 1 view .LVU4
  39              		.loc 1 226 10 is_stmt 0 view .LVU5
  40 0004 0048     		ldr	r0, .L2
  41              	.LVL1:
 227:USB_DEVICE/App/usbd_desc.c **** }
  42              		.loc 1 227 1 view .LVU6
  43              		@ sp needed
  44 0006 7047     		bx	lr
  45              	.L3:
  46              		.align	2
  47              	.L2:
  48 0008 00000000 		.word	USBD_FS_DeviceDesc
  49              		.cfi_endproc
  50              	.LFE43:
  52              		.section	.text.USBD_FS_LangIDStrDescriptor,"ax",%progbits
  53              		.align	1
  54              		.global	USBD_FS_LangIDStrDescriptor
  55              		.syntax unified
  56              		.code	16
  57              		.thumb_func
  59              	USBD_FS_LangIDStrDescriptor:
  60              	.LVL2:
  61              	.LFB44:
ARM GAS  C:\Users\Daniel\AppData\Local\Temp\ccKLJnli.s 			page 6


 228:USB_DEVICE/App/usbd_desc.c **** 
 229:USB_DEVICE/App/usbd_desc.c **** /**
 230:USB_DEVICE/App/usbd_desc.c ****   * @brief  Return the LangID string descriptor
 231:USB_DEVICE/App/usbd_desc.c ****   * @param  speed : Current device speed
 232:USB_DEVICE/App/usbd_desc.c ****   * @param  length : Pointer to data length variable
 233:USB_DEVICE/App/usbd_desc.c ****   * @retval Pointer to descriptor buffer
 234:USB_DEVICE/App/usbd_desc.c ****   */
 235:USB_DEVICE/App/usbd_desc.c **** uint8_t * USBD_FS_LangIDStrDescriptor(USBD_SpeedTypeDef speed, uint16_t *length)
 236:USB_DEVICE/App/usbd_desc.c **** {
  62              		.loc 1 236 1 is_stmt 1 view -0
  63              		.cfi_startproc
  64              		@ args = 0, pretend = 0, frame = 0
  65              		@ frame_needed = 0, uses_anonymous_args = 0
  66              		@ link register save eliminated.
 237:USB_DEVICE/App/usbd_desc.c ****   UNUSED(speed);
  67              		.loc 1 237 3 view .LVU8
 238:USB_DEVICE/App/usbd_desc.c ****   *length = sizeof(USBD_LangIDDesc);
  68              		.loc 1 238 3 view .LVU9
  69              		.loc 1 238 11 is_stmt 0 view .LVU10
  70 0000 0423     		movs	r3, #4
  71 0002 0B80     		strh	r3, [r1]
 239:USB_DEVICE/App/usbd_desc.c ****   return USBD_LangIDDesc;
  72              		.loc 1 239 3 is_stmt 1 view .LVU11
  73              		.loc 1 239 10 is_stmt 0 view .LVU12
  74 0004 0048     		ldr	r0, .L5
  75              	.LVL3:
 240:USB_DEVICE/App/usbd_desc.c **** }
  76              		.loc 1 240 1 view .LVU13
  77              		@ sp needed
  78 0006 7047     		bx	lr
  79              	.L6:
  80              		.align	2
  81              	.L5:
  82 0008 00000000 		.word	USBD_LangIDDesc
  83              		.cfi_endproc
  84              	.LFE44:
  86              		.section	.text.IntToUnicode,"ax",%progbits
  87              		.align	1
  88              		.syntax unified
  89              		.code	16
  90              		.thumb_func
  92              	IntToUnicode:
  93              	.LVL4:
  94              	.LFB51:
 241:USB_DEVICE/App/usbd_desc.c **** 
 242:USB_DEVICE/App/usbd_desc.c **** /**
 243:USB_DEVICE/App/usbd_desc.c ****   * @brief  Return the product string descriptor
 244:USB_DEVICE/App/usbd_desc.c ****   * @param  speed : Current device speed
 245:USB_DEVICE/App/usbd_desc.c ****   * @param  length : Pointer to data length variable
 246:USB_DEVICE/App/usbd_desc.c ****   * @retval Pointer to descriptor buffer
 247:USB_DEVICE/App/usbd_desc.c ****   */
 248:USB_DEVICE/App/usbd_desc.c **** uint8_t * USBD_FS_ProductStrDescriptor(USBD_SpeedTypeDef speed, uint16_t *length)
 249:USB_DEVICE/App/usbd_desc.c **** {
 250:USB_DEVICE/App/usbd_desc.c ****   if(speed == 0)
 251:USB_DEVICE/App/usbd_desc.c ****   {
 252:USB_DEVICE/App/usbd_desc.c ****     USBD_GetString((uint8_t *)USBD_PRODUCT_STRING_FS, USBD_StrDesc, length);
 253:USB_DEVICE/App/usbd_desc.c ****   }
ARM GAS  C:\Users\Daniel\AppData\Local\Temp\ccKLJnli.s 			page 7


 254:USB_DEVICE/App/usbd_desc.c ****   else
 255:USB_DEVICE/App/usbd_desc.c ****   {
 256:USB_DEVICE/App/usbd_desc.c ****     USBD_GetString((uint8_t *)USBD_PRODUCT_STRING_FS, USBD_StrDesc, length);
 257:USB_DEVICE/App/usbd_desc.c ****   }
 258:USB_DEVICE/App/usbd_desc.c ****   return USBD_StrDesc;
 259:USB_DEVICE/App/usbd_desc.c **** }
 260:USB_DEVICE/App/usbd_desc.c **** 
 261:USB_DEVICE/App/usbd_desc.c **** /**
 262:USB_DEVICE/App/usbd_desc.c ****   * @brief  Return the manufacturer string descriptor
 263:USB_DEVICE/App/usbd_desc.c ****   * @param  speed : Current device speed
 264:USB_DEVICE/App/usbd_desc.c ****   * @param  length : Pointer to data length variable
 265:USB_DEVICE/App/usbd_desc.c ****   * @retval Pointer to descriptor buffer
 266:USB_DEVICE/App/usbd_desc.c ****   */
 267:USB_DEVICE/App/usbd_desc.c **** uint8_t * USBD_FS_ManufacturerStrDescriptor(USBD_SpeedTypeDef speed, uint16_t *length)
 268:USB_DEVICE/App/usbd_desc.c **** {
 269:USB_DEVICE/App/usbd_desc.c ****   UNUSED(speed);
 270:USB_DEVICE/App/usbd_desc.c ****   USBD_GetString((uint8_t *)USBD_MANUFACTURER_STRING, USBD_StrDesc, length);
 271:USB_DEVICE/App/usbd_desc.c ****   return USBD_StrDesc;
 272:USB_DEVICE/App/usbd_desc.c **** }
 273:USB_DEVICE/App/usbd_desc.c **** 
 274:USB_DEVICE/App/usbd_desc.c **** /**
 275:USB_DEVICE/App/usbd_desc.c ****   * @brief  Return the serial number string descriptor
 276:USB_DEVICE/App/usbd_desc.c ****   * @param  speed : Current device speed
 277:USB_DEVICE/App/usbd_desc.c ****   * @param  length : Pointer to data length variable
 278:USB_DEVICE/App/usbd_desc.c ****   * @retval Pointer to descriptor buffer
 279:USB_DEVICE/App/usbd_desc.c ****   */
 280:USB_DEVICE/App/usbd_desc.c **** uint8_t * USBD_FS_SerialStrDescriptor(USBD_SpeedTypeDef speed, uint16_t *length)
 281:USB_DEVICE/App/usbd_desc.c **** {
 282:USB_DEVICE/App/usbd_desc.c ****   UNUSED(speed);
 283:USB_DEVICE/App/usbd_desc.c ****   *length = USB_SIZ_STRING_SERIAL;
 284:USB_DEVICE/App/usbd_desc.c **** 
 285:USB_DEVICE/App/usbd_desc.c ****   /* Update the serial number string descriptor with the data from the unique
 286:USB_DEVICE/App/usbd_desc.c ****    * ID */
 287:USB_DEVICE/App/usbd_desc.c ****   Get_SerialNum();
 288:USB_DEVICE/App/usbd_desc.c ****   /* USER CODE BEGIN USBD_FS_SerialStrDescriptor */
 289:USB_DEVICE/App/usbd_desc.c **** 
 290:USB_DEVICE/App/usbd_desc.c ****   /* USER CODE END USBD_FS_SerialStrDescriptor */
 291:USB_DEVICE/App/usbd_desc.c ****   return (uint8_t *) USBD_StringSerial;
 292:USB_DEVICE/App/usbd_desc.c **** }
 293:USB_DEVICE/App/usbd_desc.c **** 
 294:USB_DEVICE/App/usbd_desc.c **** /**
 295:USB_DEVICE/App/usbd_desc.c ****   * @brief  Return the configuration string descriptor
 296:USB_DEVICE/App/usbd_desc.c ****   * @param  speed : Current device speed
 297:USB_DEVICE/App/usbd_desc.c ****   * @param  length : Pointer to data length variable
 298:USB_DEVICE/App/usbd_desc.c ****   * @retval Pointer to descriptor buffer
 299:USB_DEVICE/App/usbd_desc.c ****   */
 300:USB_DEVICE/App/usbd_desc.c **** uint8_t * USBD_FS_ConfigStrDescriptor(USBD_SpeedTypeDef speed, uint16_t *length)
 301:USB_DEVICE/App/usbd_desc.c **** {
 302:USB_DEVICE/App/usbd_desc.c ****   if(speed == USBD_SPEED_HIGH)
 303:USB_DEVICE/App/usbd_desc.c ****   {
 304:USB_DEVICE/App/usbd_desc.c ****     USBD_GetString((uint8_t *)USBD_CONFIGURATION_STRING_FS, USBD_StrDesc, length);
 305:USB_DEVICE/App/usbd_desc.c ****   }
 306:USB_DEVICE/App/usbd_desc.c ****   else
 307:USB_DEVICE/App/usbd_desc.c ****   {
 308:USB_DEVICE/App/usbd_desc.c ****     USBD_GetString((uint8_t *)USBD_CONFIGURATION_STRING_FS, USBD_StrDesc, length);
 309:USB_DEVICE/App/usbd_desc.c ****   }
 310:USB_DEVICE/App/usbd_desc.c ****   return USBD_StrDesc;
ARM GAS  C:\Users\Daniel\AppData\Local\Temp\ccKLJnli.s 			page 8


 311:USB_DEVICE/App/usbd_desc.c **** }
 312:USB_DEVICE/App/usbd_desc.c **** 
 313:USB_DEVICE/App/usbd_desc.c **** /**
 314:USB_DEVICE/App/usbd_desc.c ****   * @brief  Return the interface string descriptor
 315:USB_DEVICE/App/usbd_desc.c ****   * @param  speed : Current device speed
 316:USB_DEVICE/App/usbd_desc.c ****   * @param  length : Pointer to data length variable
 317:USB_DEVICE/App/usbd_desc.c ****   * @retval Pointer to descriptor buffer
 318:USB_DEVICE/App/usbd_desc.c ****   */
 319:USB_DEVICE/App/usbd_desc.c **** uint8_t * USBD_FS_InterfaceStrDescriptor(USBD_SpeedTypeDef speed, uint16_t *length)
 320:USB_DEVICE/App/usbd_desc.c **** {
 321:USB_DEVICE/App/usbd_desc.c ****   if(speed == 0)
 322:USB_DEVICE/App/usbd_desc.c ****   {
 323:USB_DEVICE/App/usbd_desc.c ****     USBD_GetString((uint8_t *)USBD_INTERFACE_STRING_FS, USBD_StrDesc, length);
 324:USB_DEVICE/App/usbd_desc.c ****   }
 325:USB_DEVICE/App/usbd_desc.c ****   else
 326:USB_DEVICE/App/usbd_desc.c ****   {
 327:USB_DEVICE/App/usbd_desc.c ****     USBD_GetString((uint8_t *)USBD_INTERFACE_STRING_FS, USBD_StrDesc, length);
 328:USB_DEVICE/App/usbd_desc.c ****   }
 329:USB_DEVICE/App/usbd_desc.c ****   return USBD_StrDesc;
 330:USB_DEVICE/App/usbd_desc.c **** }
 331:USB_DEVICE/App/usbd_desc.c **** 
 332:USB_DEVICE/App/usbd_desc.c **** /**
 333:USB_DEVICE/App/usbd_desc.c ****   * @brief  Create the serial number string descriptor
 334:USB_DEVICE/App/usbd_desc.c ****   * @param  None
 335:USB_DEVICE/App/usbd_desc.c ****   * @retval None
 336:USB_DEVICE/App/usbd_desc.c ****   */
 337:USB_DEVICE/App/usbd_desc.c **** static void Get_SerialNum(void)
 338:USB_DEVICE/App/usbd_desc.c **** {
 339:USB_DEVICE/App/usbd_desc.c ****   uint32_t deviceserial0;
 340:USB_DEVICE/App/usbd_desc.c ****   uint32_t deviceserial1;
 341:USB_DEVICE/App/usbd_desc.c ****   uint32_t deviceserial2;
 342:USB_DEVICE/App/usbd_desc.c **** 
 343:USB_DEVICE/App/usbd_desc.c ****   deviceserial0 = *(uint32_t *) DEVICE_ID1;
 344:USB_DEVICE/App/usbd_desc.c ****   deviceserial1 = *(uint32_t *) DEVICE_ID2;
 345:USB_DEVICE/App/usbd_desc.c ****   deviceserial2 = *(uint32_t *) DEVICE_ID3;
 346:USB_DEVICE/App/usbd_desc.c **** 
 347:USB_DEVICE/App/usbd_desc.c ****   deviceserial0 += deviceserial2;
 348:USB_DEVICE/App/usbd_desc.c **** 
 349:USB_DEVICE/App/usbd_desc.c ****   if (deviceserial0 != 0)
 350:USB_DEVICE/App/usbd_desc.c ****   {
 351:USB_DEVICE/App/usbd_desc.c ****     IntToUnicode(deviceserial0, &USBD_StringSerial[2], 8);
 352:USB_DEVICE/App/usbd_desc.c ****     IntToUnicode(deviceserial1, &USBD_StringSerial[18], 4);
 353:USB_DEVICE/App/usbd_desc.c ****   }
 354:USB_DEVICE/App/usbd_desc.c **** }
 355:USB_DEVICE/App/usbd_desc.c **** 
 356:USB_DEVICE/App/usbd_desc.c **** /**
 357:USB_DEVICE/App/usbd_desc.c ****   * @brief  Convert Hex 32Bits value into char
 358:USB_DEVICE/App/usbd_desc.c ****   * @param  value: value to convert
 359:USB_DEVICE/App/usbd_desc.c ****   * @param  pbuf: pointer to the buffer
 360:USB_DEVICE/App/usbd_desc.c ****   * @param  len: buffer length
 361:USB_DEVICE/App/usbd_desc.c ****   * @retval None
 362:USB_DEVICE/App/usbd_desc.c ****   */
 363:USB_DEVICE/App/usbd_desc.c **** static void IntToUnicode(uint32_t value, uint8_t * pbuf, uint8_t len)
 364:USB_DEVICE/App/usbd_desc.c **** {
  95              		.loc 1 364 1 is_stmt 1 view -0
  96              		.cfi_startproc
  97              		@ args = 0, pretend = 0, frame = 0
ARM GAS  C:\Users\Daniel\AppData\Local\Temp\ccKLJnli.s 			page 9


  98              		@ frame_needed = 0, uses_anonymous_args = 0
  99              		.loc 1 364 1 is_stmt 0 view .LVU15
 100 0000 30B5     		push	{r4, r5, lr}
 101              		.cfi_def_cfa_offset 12
 102              		.cfi_offset 4, -12
 103              		.cfi_offset 5, -8
 104              		.cfi_offset 14, -4
 365:USB_DEVICE/App/usbd_desc.c ****   uint8_t idx = 0;
 105              		.loc 1 365 3 is_stmt 1 view .LVU16
 106              	.LVL5:
 366:USB_DEVICE/App/usbd_desc.c **** 
 367:USB_DEVICE/App/usbd_desc.c ****   for (idx = 0; idx < len; idx++)
 107              		.loc 1 367 3 view .LVU17
 108              		.loc 1 367 12 is_stmt 0 view .LVU18
 109 0002 0023     		movs	r3, #0
 110              		.loc 1 367 3 view .LVU19
 111 0004 0AE0     		b	.L8
 112              	.LVL6:
 113              	.L9:
 368:USB_DEVICE/App/usbd_desc.c ****   {
 369:USB_DEVICE/App/usbd_desc.c ****     if (((value >> 28)) < 0xA)
 370:USB_DEVICE/App/usbd_desc.c ****     {
 371:USB_DEVICE/App/usbd_desc.c ****       pbuf[2 * idx] = (value >> 28) + '0';
 372:USB_DEVICE/App/usbd_desc.c ****     }
 373:USB_DEVICE/App/usbd_desc.c ****     else
 374:USB_DEVICE/App/usbd_desc.c ****     {
 375:USB_DEVICE/App/usbd_desc.c ****       pbuf[2 * idx] = (value >> 28) + 'A' - 10;
 114              		.loc 1 375 7 is_stmt 1 view .LVU20
 115              		.loc 1 375 14 is_stmt 0 view .LVU21
 116 0006 5D00     		lsls	r5, r3, #1
 117              		.loc 1 375 43 view .LVU22
 118 0008 3734     		adds	r4, r4, #55
 119              		.loc 1 375 21 view .LVU23
 120 000a 4C55     		strb	r4, [r1, r5]
 121              	.L10:
 376:USB_DEVICE/App/usbd_desc.c ****     }
 377:USB_DEVICE/App/usbd_desc.c **** 
 378:USB_DEVICE/App/usbd_desc.c ****     value = value << 4;
 122              		.loc 1 378 5 is_stmt 1 discriminator 2 view .LVU24
 123              		.loc 1 378 11 is_stmt 0 discriminator 2 view .LVU25
 124 000c 0001     		lsls	r0, r0, #4
 125              	.LVL7:
 379:USB_DEVICE/App/usbd_desc.c **** 
 380:USB_DEVICE/App/usbd_desc.c ****     pbuf[2 * idx + 1] = 0;
 126              		.loc 1 380 5 is_stmt 1 discriminator 2 view .LVU26
 127              		.loc 1 380 12 is_stmt 0 discriminator 2 view .LVU27
 128 000e 5C00     		lsls	r4, r3, #1
 129              		.loc 1 380 9 discriminator 2 view .LVU28
 130 0010 0134     		adds	r4, r4, #1
 131 0012 0C19     		adds	r4, r1, r4
 132              		.loc 1 380 23 discriminator 2 view .LVU29
 133 0014 0025     		movs	r5, #0
 134 0016 2570     		strb	r5, [r4]
 367:USB_DEVICE/App/usbd_desc.c ****   {
 135              		.loc 1 367 31 is_stmt 1 discriminator 2 view .LVU30
 136 0018 0133     		adds	r3, r3, #1
 137              	.LVL8:
ARM GAS  C:\Users\Daniel\AppData\Local\Temp\ccKLJnli.s 			page 10


 367:USB_DEVICE/App/usbd_desc.c ****   {
 138              		.loc 1 367 31 is_stmt 0 discriminator 2 view .LVU31
 139 001a DBB2     		uxtb	r3, r3
 140              	.LVL9:
 141              	.L8:
 367:USB_DEVICE/App/usbd_desc.c ****   {
 142              		.loc 1 367 21 is_stmt 1 discriminator 1 view .LVU32
 143 001c 9342     		cmp	r3, r2
 144 001e 06D2     		bcs	.L12
 369:USB_DEVICE/App/usbd_desc.c ****     {
 145              		.loc 1 369 5 view .LVU33
 369:USB_DEVICE/App/usbd_desc.c ****     {
 146              		.loc 1 369 17 is_stmt 0 view .LVU34
 147 0020 040F     		lsrs	r4, r0, #28
 369:USB_DEVICE/App/usbd_desc.c ****     {
 148              		.loc 1 369 8 view .LVU35
 149 0022 092C     		cmp	r4, #9
 150 0024 EFD8     		bhi	.L9
 371:USB_DEVICE/App/usbd_desc.c ****     }
 151              		.loc 1 371 7 is_stmt 1 view .LVU36
 371:USB_DEVICE/App/usbd_desc.c ****     }
 152              		.loc 1 371 14 is_stmt 0 view .LVU37
 153 0026 5D00     		lsls	r5, r3, #1
 371:USB_DEVICE/App/usbd_desc.c ****     }
 154              		.loc 1 371 37 view .LVU38
 155 0028 3034     		adds	r4, r4, #48
 371:USB_DEVICE/App/usbd_desc.c ****     }
 156              		.loc 1 371 21 view .LVU39
 157 002a 4C55     		strb	r4, [r1, r5]
 158 002c EEE7     		b	.L10
 159              	.L12:
 381:USB_DEVICE/App/usbd_desc.c ****   }
 382:USB_DEVICE/App/usbd_desc.c **** }
 160              		.loc 1 382 1 view .LVU40
 161              		@ sp needed
 162 002e 30BD     		pop	{r4, r5, pc}
 163              		.cfi_endproc
 164              	.LFE51:
 166              		.section	.text.Get_SerialNum,"ax",%progbits
 167              		.align	1
 168              		.syntax unified
 169              		.code	16
 170              		.thumb_func
 172              	Get_SerialNum:
 173              	.LFB50:
 338:USB_DEVICE/App/usbd_desc.c ****   uint32_t deviceserial0;
 174              		.loc 1 338 1 is_stmt 1 view -0
 175              		.cfi_startproc
 176              		@ args = 0, pretend = 0, frame = 0
 177              		@ frame_needed = 0, uses_anonymous_args = 0
 178 0000 70B5     		push	{r4, r5, r6, lr}
 179              		.cfi_def_cfa_offset 16
 180              		.cfi_offset 4, -16
 181              		.cfi_offset 5, -12
 182              		.cfi_offset 6, -8
 183              		.cfi_offset 14, -4
 339:USB_DEVICE/App/usbd_desc.c ****   uint32_t deviceserial1;
ARM GAS  C:\Users\Daniel\AppData\Local\Temp\ccKLJnli.s 			page 11


 184              		.loc 1 339 3 view .LVU42
 340:USB_DEVICE/App/usbd_desc.c ****   uint32_t deviceserial2;
 185              		.loc 1 340 3 view .LVU43
 341:USB_DEVICE/App/usbd_desc.c **** 
 186              		.loc 1 341 3 view .LVU44
 343:USB_DEVICE/App/usbd_desc.c ****   deviceserial1 = *(uint32_t *) DEVICE_ID2;
 187              		.loc 1 343 3 view .LVU45
 343:USB_DEVICE/App/usbd_desc.c ****   deviceserial1 = *(uint32_t *) DEVICE_ID2;
 188              		.loc 1 343 17 is_stmt 0 view .LVU46
 189 0002 0B4B     		ldr	r3, .L16
 190 0004 1868     		ldr	r0, [r3]
 191              	.LVL10:
 344:USB_DEVICE/App/usbd_desc.c ****   deviceserial2 = *(uint32_t *) DEVICE_ID3;
 192              		.loc 1 344 3 is_stmt 1 view .LVU47
 344:USB_DEVICE/App/usbd_desc.c ****   deviceserial2 = *(uint32_t *) DEVICE_ID3;
 193              		.loc 1 344 17 is_stmt 0 view .LVU48
 194 0006 0B4B     		ldr	r3, .L16+4
 195 0008 1D68     		ldr	r5, [r3]
 196              	.LVL11:
 345:USB_DEVICE/App/usbd_desc.c **** 
 197              		.loc 1 345 3 is_stmt 1 view .LVU49
 345:USB_DEVICE/App/usbd_desc.c **** 
 198              		.loc 1 345 17 is_stmt 0 view .LVU50
 199 000a 0B4B     		ldr	r3, .L16+8
 200 000c 1B68     		ldr	r3, [r3]
 201              	.LVL12:
 347:USB_DEVICE/App/usbd_desc.c **** 
 202              		.loc 1 347 3 is_stmt 1 view .LVU51
 347:USB_DEVICE/App/usbd_desc.c **** 
 203              		.loc 1 347 17 is_stmt 0 view .LVU52
 204 000e C018     		adds	r0, r0, r3
 205              	.LVL13:
 349:USB_DEVICE/App/usbd_desc.c ****   {
 206              		.loc 1 349 3 is_stmt 1 view .LVU53
 349:USB_DEVICE/App/usbd_desc.c ****   {
 207              		.loc 1 349 6 is_stmt 0 view .LVU54
 208 0010 0028     		cmp	r0, #0
 209 0012 00D1     		bne	.L15
 210              	.LVL14:
 211              	.L13:
 354:USB_DEVICE/App/usbd_desc.c **** 
 212              		.loc 1 354 1 view .LVU55
 213              		@ sp needed
 214              	.LVL15:
 354:USB_DEVICE/App/usbd_desc.c **** 
 215              		.loc 1 354 1 view .LVU56
 216 0014 70BD     		pop	{r4, r5, r6, pc}
 217              	.LVL16:
 218              	.L15:
 351:USB_DEVICE/App/usbd_desc.c ****     IntToUnicode(deviceserial1, &USBD_StringSerial[18], 4);
 219              		.loc 1 351 5 is_stmt 1 view .LVU57
 220 0016 094C     		ldr	r4, .L16+12
 221 0018 0822     		movs	r2, #8
 222 001a 2100     		movs	r1, r4
 223 001c FFF7FEFF 		bl	IntToUnicode
 224              	.LVL17:
 352:USB_DEVICE/App/usbd_desc.c ****   }
ARM GAS  C:\Users\Daniel\AppData\Local\Temp\ccKLJnli.s 			page 12


 225              		.loc 1 352 5 view .LVU58
 226 0020 2100     		movs	r1, r4
 227 0022 1031     		adds	r1, r1, #16
 228 0024 0422     		movs	r2, #4
 229 0026 2800     		movs	r0, r5
 230 0028 FFF7FEFF 		bl	IntToUnicode
 231              	.LVL18:
 354:USB_DEVICE/App/usbd_desc.c **** 
 232              		.loc 1 354 1 is_stmt 0 view .LVU59
 233 002c F2E7     		b	.L13
 234              	.L17:
 235 002e C046     		.align	2
 236              	.L16:
 237 0030 ACF7FF1F 		.word	536868780
 238 0034 B0F7FF1F 		.word	536868784
 239 0038 B4F7FF1F 		.word	536868788
 240 003c 02000000 		.word	USBD_StringSerial+2
 241              		.cfi_endproc
 242              	.LFE50:
 244              		.section	.text.USBD_FS_SerialStrDescriptor,"ax",%progbits
 245              		.align	1
 246              		.global	USBD_FS_SerialStrDescriptor
 247              		.syntax unified
 248              		.code	16
 249              		.thumb_func
 251              	USBD_FS_SerialStrDescriptor:
 252              	.LVL19:
 253              	.LFB47:
 281:USB_DEVICE/App/usbd_desc.c ****   UNUSED(speed);
 254              		.loc 1 281 1 is_stmt 1 view -0
 255              		.cfi_startproc
 256              		@ args = 0, pretend = 0, frame = 0
 257              		@ frame_needed = 0, uses_anonymous_args = 0
 281:USB_DEVICE/App/usbd_desc.c ****   UNUSED(speed);
 258              		.loc 1 281 1 is_stmt 0 view .LVU61
 259 0000 10B5     		push	{r4, lr}
 260              		.cfi_def_cfa_offset 8
 261              		.cfi_offset 4, -8
 262              		.cfi_offset 14, -4
 282:USB_DEVICE/App/usbd_desc.c ****   *length = USB_SIZ_STRING_SERIAL;
 263              		.loc 1 282 3 is_stmt 1 view .LVU62
 283:USB_DEVICE/App/usbd_desc.c **** 
 264              		.loc 1 283 3 view .LVU63
 283:USB_DEVICE/App/usbd_desc.c **** 
 265              		.loc 1 283 11 is_stmt 0 view .LVU64
 266 0002 1A23     		movs	r3, #26
 267 0004 0B80     		strh	r3, [r1]
 287:USB_DEVICE/App/usbd_desc.c ****   /* USER CODE BEGIN USBD_FS_SerialStrDescriptor */
 268              		.loc 1 287 3 is_stmt 1 view .LVU65
 269 0006 FFF7FEFF 		bl	Get_SerialNum
 270              	.LVL20:
 291:USB_DEVICE/App/usbd_desc.c **** }
 271              		.loc 1 291 3 view .LVU66
 291:USB_DEVICE/App/usbd_desc.c **** }
 272              		.loc 1 291 10 is_stmt 0 view .LVU67
 273 000a 0148     		ldr	r0, .L19
 292:USB_DEVICE/App/usbd_desc.c **** 
ARM GAS  C:\Users\Daniel\AppData\Local\Temp\ccKLJnli.s 			page 13


 274              		.loc 1 292 1 view .LVU68
 275              		@ sp needed
 276 000c 10BD     		pop	{r4, pc}
 277              	.L20:
 278 000e C046     		.align	2
 279              	.L19:
 280 0010 00000000 		.word	USBD_StringSerial
 281              		.cfi_endproc
 282              	.LFE47:
 284              		.section	.rodata.USBD_FS_ProductStrDescriptor.str1.4,"aMS",%progbits,1
 285              		.align	2
 286              	.LC6:
 287 0000 42757369 		.ascii	"Business Card\000"
 287      6E657373 
 287      20436172 
 287      6400
 288              		.section	.text.USBD_FS_ProductStrDescriptor,"ax",%progbits
 289              		.align	1
 290              		.global	USBD_FS_ProductStrDescriptor
 291              		.syntax unified
 292              		.code	16
 293              		.thumb_func
 295              	USBD_FS_ProductStrDescriptor:
 296              	.LVL21:
 297              	.LFB45:
 249:USB_DEVICE/App/usbd_desc.c ****   if(speed == 0)
 298              		.loc 1 249 1 is_stmt 1 view -0
 299              		.cfi_startproc
 300              		@ args = 0, pretend = 0, frame = 0
 301              		@ frame_needed = 0, uses_anonymous_args = 0
 249:USB_DEVICE/App/usbd_desc.c ****   if(speed == 0)
 302              		.loc 1 249 1 is_stmt 0 view .LVU70
 303 0000 10B5     		push	{r4, lr}
 304              		.cfi_def_cfa_offset 8
 305              		.cfi_offset 4, -8
 306              		.cfi_offset 14, -4
 307 0002 0A00     		movs	r2, r1
 250:USB_DEVICE/App/usbd_desc.c ****   {
 308              		.loc 1 250 3 is_stmt 1 view .LVU71
 250:USB_DEVICE/App/usbd_desc.c ****   {
 309              		.loc 1 250 5 is_stmt 0 view .LVU72
 310 0004 0028     		cmp	r0, #0
 311 0006 05D1     		bne	.L22
 252:USB_DEVICE/App/usbd_desc.c ****   }
 312              		.loc 1 252 5 is_stmt 1 view .LVU73
 313 0008 0549     		ldr	r1, .L24
 314              	.LVL22:
 252:USB_DEVICE/App/usbd_desc.c ****   }
 315              		.loc 1 252 5 is_stmt 0 view .LVU74
 316 000a 0648     		ldr	r0, .L24+4
 317              	.LVL23:
 252:USB_DEVICE/App/usbd_desc.c ****   }
 318              		.loc 1 252 5 view .LVU75
 319 000c FFF7FEFF 		bl	USBD_GetString
 320              	.LVL24:
 321              	.L23:
 258:USB_DEVICE/App/usbd_desc.c **** }
ARM GAS  C:\Users\Daniel\AppData\Local\Temp\ccKLJnli.s 			page 14


 322              		.loc 1 258 3 is_stmt 1 view .LVU76
 258:USB_DEVICE/App/usbd_desc.c **** }
 323              		.loc 1 258 10 is_stmt 0 view .LVU77
 324 0010 0348     		ldr	r0, .L24
 259:USB_DEVICE/App/usbd_desc.c **** 
 325              		.loc 1 259 1 view .LVU78
 326              		@ sp needed
 327 0012 10BD     		pop	{r4, pc}
 328              	.LVL25:
 329              	.L22:
 256:USB_DEVICE/App/usbd_desc.c ****   }
 330              		.loc 1 256 5 is_stmt 1 view .LVU79
 331 0014 0249     		ldr	r1, .L24
 332              	.LVL26:
 256:USB_DEVICE/App/usbd_desc.c ****   }
 333              		.loc 1 256 5 is_stmt 0 view .LVU80
 334 0016 0348     		ldr	r0, .L24+4
 335              	.LVL27:
 256:USB_DEVICE/App/usbd_desc.c ****   }
 336              		.loc 1 256 5 view .LVU81
 337 0018 FFF7FEFF 		bl	USBD_GetString
 338              	.LVL28:
 256:USB_DEVICE/App/usbd_desc.c ****   }
 339              		.loc 1 256 5 view .LVU82
 340 001c F8E7     		b	.L23
 341              	.L25:
 342 001e C046     		.align	2
 343              	.L24:
 344 0020 00000000 		.word	USBD_StrDesc
 345 0024 00000000 		.word	.LC6
 346              		.cfi_endproc
 347              	.LFE45:
 349              		.section	.rodata.USBD_FS_ManufacturerStrDescriptor.str1.4,"aMS",%progbits,1
 350              		.align	2
 351              	.LC9:
 352 0000 52617269 		.ascii	"RariTech\000"
 352      54656368 
 352      00
 353              		.section	.text.USBD_FS_ManufacturerStrDescriptor,"ax",%progbits
 354              		.align	1
 355              		.global	USBD_FS_ManufacturerStrDescriptor
 356              		.syntax unified
 357              		.code	16
 358              		.thumb_func
 360              	USBD_FS_ManufacturerStrDescriptor:
 361              	.LVL29:
 362              	.LFB46:
 268:USB_DEVICE/App/usbd_desc.c ****   UNUSED(speed);
 363              		.loc 1 268 1 is_stmt 1 view -0
 364              		.cfi_startproc
 365              		@ args = 0, pretend = 0, frame = 0
 366              		@ frame_needed = 0, uses_anonymous_args = 0
 268:USB_DEVICE/App/usbd_desc.c ****   UNUSED(speed);
 367              		.loc 1 268 1 is_stmt 0 view .LVU84
 368 0000 10B5     		push	{r4, lr}
 369              		.cfi_def_cfa_offset 8
 370              		.cfi_offset 4, -8
ARM GAS  C:\Users\Daniel\AppData\Local\Temp\ccKLJnli.s 			page 15


 371              		.cfi_offset 14, -4
 372 0002 0A00     		movs	r2, r1
 269:USB_DEVICE/App/usbd_desc.c ****   USBD_GetString((uint8_t *)USBD_MANUFACTURER_STRING, USBD_StrDesc, length);
 373              		.loc 1 269 3 is_stmt 1 view .LVU85
 270:USB_DEVICE/App/usbd_desc.c ****   return USBD_StrDesc;
 374              		.loc 1 270 3 view .LVU86
 375 0004 034C     		ldr	r4, .L27
 376 0006 0448     		ldr	r0, .L27+4
 377              	.LVL30:
 270:USB_DEVICE/App/usbd_desc.c ****   return USBD_StrDesc;
 378              		.loc 1 270 3 is_stmt 0 view .LVU87
 379 0008 2100     		movs	r1, r4
 380              	.LVL31:
 270:USB_DEVICE/App/usbd_desc.c ****   return USBD_StrDesc;
 381              		.loc 1 270 3 view .LVU88
 382 000a FFF7FEFF 		bl	USBD_GetString
 383              	.LVL32:
 271:USB_DEVICE/App/usbd_desc.c **** }
 384              		.loc 1 271 3 is_stmt 1 view .LVU89
 272:USB_DEVICE/App/usbd_desc.c **** 
 385              		.loc 1 272 1 is_stmt 0 view .LVU90
 386 000e 2000     		movs	r0, r4
 387              		@ sp needed
 388 0010 10BD     		pop	{r4, pc}
 389              	.L28:
 390 0012 C046     		.align	2
 391              	.L27:
 392 0014 00000000 		.word	USBD_StrDesc
 393 0018 00000000 		.word	.LC9
 394              		.cfi_endproc
 395              	.LFE46:
 397              		.section	.rodata.USBD_FS_ConfigStrDescriptor.str1.4,"aMS",%progbits,1
 398              		.align	2
 399              	.LC12:
 400 0000 43444320 		.ascii	"CDC Config\000"
 400      436F6E66 
 400      696700
 401              		.section	.text.USBD_FS_ConfigStrDescriptor,"ax",%progbits
 402              		.align	1
 403              		.global	USBD_FS_ConfigStrDescriptor
 404              		.syntax unified
 405              		.code	16
 406              		.thumb_func
 408              	USBD_FS_ConfigStrDescriptor:
 409              	.LVL33:
 410              	.LFB48:
 301:USB_DEVICE/App/usbd_desc.c ****   if(speed == USBD_SPEED_HIGH)
 411              		.loc 1 301 1 is_stmt 1 view -0
 412              		.cfi_startproc
 413              		@ args = 0, pretend = 0, frame = 0
 414              		@ frame_needed = 0, uses_anonymous_args = 0
 301:USB_DEVICE/App/usbd_desc.c ****   if(speed == USBD_SPEED_HIGH)
 415              		.loc 1 301 1 is_stmt 0 view .LVU92
 416 0000 10B5     		push	{r4, lr}
 417              		.cfi_def_cfa_offset 8
 418              		.cfi_offset 4, -8
 419              		.cfi_offset 14, -4
ARM GAS  C:\Users\Daniel\AppData\Local\Temp\ccKLJnli.s 			page 16


 420 0002 0A00     		movs	r2, r1
 302:USB_DEVICE/App/usbd_desc.c ****   {
 421              		.loc 1 302 3 is_stmt 1 view .LVU93
 302:USB_DEVICE/App/usbd_desc.c ****   {
 422              		.loc 1 302 5 is_stmt 0 view .LVU94
 423 0004 0028     		cmp	r0, #0
 424 0006 05D1     		bne	.L30
 304:USB_DEVICE/App/usbd_desc.c ****   }
 425              		.loc 1 304 5 is_stmt 1 view .LVU95
 426 0008 0549     		ldr	r1, .L32
 427              	.LVL34:
 304:USB_DEVICE/App/usbd_desc.c ****   }
 428              		.loc 1 304 5 is_stmt 0 view .LVU96
 429 000a 0648     		ldr	r0, .L32+4
 430              	.LVL35:
 304:USB_DEVICE/App/usbd_desc.c ****   }
 431              		.loc 1 304 5 view .LVU97
 432 000c FFF7FEFF 		bl	USBD_GetString
 433              	.LVL36:
 434              	.L31:
 310:USB_DEVICE/App/usbd_desc.c **** }
 435              		.loc 1 310 3 is_stmt 1 view .LVU98
 310:USB_DEVICE/App/usbd_desc.c **** }
 436              		.loc 1 310 10 is_stmt 0 view .LVU99
 437 0010 0348     		ldr	r0, .L32
 311:USB_DEVICE/App/usbd_desc.c **** 
 438              		.loc 1 311 1 view .LVU100
 439              		@ sp needed
 440 0012 10BD     		pop	{r4, pc}
 441              	.LVL37:
 442              	.L30:
 308:USB_DEVICE/App/usbd_desc.c ****   }
 443              		.loc 1 308 5 is_stmt 1 view .LVU101
 444 0014 0249     		ldr	r1, .L32
 445              	.LVL38:
 308:USB_DEVICE/App/usbd_desc.c ****   }
 446              		.loc 1 308 5 is_stmt 0 view .LVU102
 447 0016 0348     		ldr	r0, .L32+4
 448              	.LVL39:
 308:USB_DEVICE/App/usbd_desc.c ****   }
 449              		.loc 1 308 5 view .LVU103
 450 0018 FFF7FEFF 		bl	USBD_GetString
 451              	.LVL40:
 308:USB_DEVICE/App/usbd_desc.c ****   }
 452              		.loc 1 308 5 view .LVU104
 453 001c F8E7     		b	.L31
 454              	.L33:
 455 001e C046     		.align	2
 456              	.L32:
 457 0020 00000000 		.word	USBD_StrDesc
 458 0024 00000000 		.word	.LC12
 459              		.cfi_endproc
 460              	.LFE48:
 462              		.section	.rodata.USBD_FS_InterfaceStrDescriptor.str1.4,"aMS",%progbits,1
 463              		.align	2
 464              	.LC15:
 465 0000 43444320 		.ascii	"CDC Interface\000"
ARM GAS  C:\Users\Daniel\AppData\Local\Temp\ccKLJnli.s 			page 17


 465      496E7465 
 465      72666163 
 465      6500
 466              		.section	.text.USBD_FS_InterfaceStrDescriptor,"ax",%progbits
 467              		.align	1
 468              		.global	USBD_FS_InterfaceStrDescriptor
 469              		.syntax unified
 470              		.code	16
 471              		.thumb_func
 473              	USBD_FS_InterfaceStrDescriptor:
 474              	.LVL41:
 475              	.LFB49:
 320:USB_DEVICE/App/usbd_desc.c ****   if(speed == 0)
 476              		.loc 1 320 1 is_stmt 1 view -0
 477              		.cfi_startproc
 478              		@ args = 0, pretend = 0, frame = 0
 479              		@ frame_needed = 0, uses_anonymous_args = 0
 320:USB_DEVICE/App/usbd_desc.c ****   if(speed == 0)
 480              		.loc 1 320 1 is_stmt 0 view .LVU106
 481 0000 10B5     		push	{r4, lr}
 482              		.cfi_def_cfa_offset 8
 483              		.cfi_offset 4, -8
 484              		.cfi_offset 14, -4
 485 0002 0A00     		movs	r2, r1
 321:USB_DEVICE/App/usbd_desc.c ****   {
 486              		.loc 1 321 3 is_stmt 1 view .LVU107
 321:USB_DEVICE/App/usbd_desc.c ****   {
 487              		.loc 1 321 5 is_stmt 0 view .LVU108
 488 0004 0028     		cmp	r0, #0
 489 0006 05D1     		bne	.L35
 323:USB_DEVICE/App/usbd_desc.c ****   }
 490              		.loc 1 323 5 is_stmt 1 view .LVU109
 491 0008 0549     		ldr	r1, .L37
 492              	.LVL42:
 323:USB_DEVICE/App/usbd_desc.c ****   }
 493              		.loc 1 323 5 is_stmt 0 view .LVU110
 494 000a 0648     		ldr	r0, .L37+4
 495              	.LVL43:
 323:USB_DEVICE/App/usbd_desc.c ****   }
 496              		.loc 1 323 5 view .LVU111
 497 000c FFF7FEFF 		bl	USBD_GetString
 498              	.LVL44:
 499              	.L36:
 329:USB_DEVICE/App/usbd_desc.c **** }
 500              		.loc 1 329 3 is_stmt 1 view .LVU112
 329:USB_DEVICE/App/usbd_desc.c **** }
 501              		.loc 1 329 10 is_stmt 0 view .LVU113
 502 0010 0348     		ldr	r0, .L37
 330:USB_DEVICE/App/usbd_desc.c **** 
 503              		.loc 1 330 1 view .LVU114
 504              		@ sp needed
 505 0012 10BD     		pop	{r4, pc}
 506              	.LVL45:
 507              	.L35:
 327:USB_DEVICE/App/usbd_desc.c ****   }
 508              		.loc 1 327 5 is_stmt 1 view .LVU115
 509 0014 0249     		ldr	r1, .L37
ARM GAS  C:\Users\Daniel\AppData\Local\Temp\ccKLJnli.s 			page 18


 510              	.LVL46:
 327:USB_DEVICE/App/usbd_desc.c ****   }
 511              		.loc 1 327 5 is_stmt 0 view .LVU116
 512 0016 0348     		ldr	r0, .L37+4
 513              	.LVL47:
 327:USB_DEVICE/App/usbd_desc.c ****   }
 514              		.loc 1 327 5 view .LVU117
 515 0018 FFF7FEFF 		bl	USBD_GetString
 516              	.LVL48:
 327:USB_DEVICE/App/usbd_desc.c ****   }
 517              		.loc 1 327 5 view .LVU118
 518 001c F8E7     		b	.L36
 519              	.L38:
 520 001e C046     		.align	2
 521              	.L37:
 522 0020 00000000 		.word	USBD_StrDesc
 523 0024 00000000 		.word	.LC15
 524              		.cfi_endproc
 525              	.LFE49:
 527              		.global	USBD_StringSerial
 528              		.section	.data.USBD_StringSerial,"aw"
 529              		.align	2
 532              	USBD_StringSerial:
 533 0000 1A0300   		.ascii	"\032\003\000"
 534 0003 00000000 		.space	23
 534      00000000 
 534      00000000 
 534      00000000 
 534      00000000 
 535              		.global	USBD_StrDesc
 536              		.section	.bss.USBD_StrDesc,"aw",%nobits
 537              		.align	2
 540              	USBD_StrDesc:
 541 0000 00000000 		.space	32
 541      00000000 
 541      00000000 
 541      00000000 
 541      00000000 
 542              		.global	USBD_LangIDDesc
 543              		.section	.data.USBD_LangIDDesc,"aw"
 544              		.align	2
 547              	USBD_LangIDDesc:
 548 0000 04030904 		.ascii	"\004\003\011\004"
 549              		.global	USBD_FS_DeviceDesc
 550              		.section	.data.USBD_FS_DeviceDesc,"aw"
 551              		.align	2
 554              	USBD_FS_DeviceDesc:
 555 0000 12010002 		.ascii	"\022\001\000\002\002\002\000@\203\004@W\000\002\001"
 555      02020040 
 555      83044057 
 555      000201
 556 000f 020301   		.ascii	"\002\003\001"
 557              		.global	FS_Desc
 558              		.section	.data.FS_Desc,"aw"
 559              		.align	2
 562              	FS_Desc:
 563 0000 00000000 		.word	USBD_FS_DeviceDescriptor
ARM GAS  C:\Users\Daniel\AppData\Local\Temp\ccKLJnli.s 			page 19


 564 0004 00000000 		.word	USBD_FS_LangIDStrDescriptor
 565 0008 00000000 		.word	USBD_FS_ManufacturerStrDescriptor
 566 000c 00000000 		.word	USBD_FS_ProductStrDescriptor
 567 0010 00000000 		.word	USBD_FS_SerialStrDescriptor
 568 0014 00000000 		.word	USBD_FS_ConfigStrDescriptor
 569 0018 00000000 		.word	USBD_FS_InterfaceStrDescriptor
 570              		.text
 571              	.Letext0:
 572              		.file 2 "c:\\users\\daniel\\appdata\\roaming\\code\\user\\globalstorage\\bmd.stm32-for-vscode\\@xp
 573              		.file 3 "c:\\users\\daniel\\appdata\\roaming\\code\\user\\globalstorage\\bmd.stm32-for-vscode\\@xp
 574              		.file 4 "Middlewares/ST/STM32_USB_Device_Library/Core/Inc/usbd_def.h"
 575              		.file 5 "USB_DEVICE/App/usbd_desc.h"
 576              		.file 6 "Middlewares/ST/STM32_USB_Device_Library/Core/Inc/usbd_ctlreq.h"
ARM GAS  C:\Users\Daniel\AppData\Local\Temp\ccKLJnli.s 			page 20


DEFINED SYMBOLS
                            *ABS*:00000000 usbd_desc.c
C:\Users\Daniel\AppData\Local\Temp\ccKLJnli.s:19     .text.USBD_FS_DeviceDescriptor:00000000 $t
C:\Users\Daniel\AppData\Local\Temp\ccKLJnli.s:25     .text.USBD_FS_DeviceDescriptor:00000000 USBD_FS_DeviceDescriptor
C:\Users\Daniel\AppData\Local\Temp\ccKLJnli.s:48     .text.USBD_FS_DeviceDescriptor:00000008 $d
C:\Users\Daniel\AppData\Local\Temp\ccKLJnli.s:554    .data.USBD_FS_DeviceDesc:00000000 USBD_FS_DeviceDesc
C:\Users\Daniel\AppData\Local\Temp\ccKLJnli.s:53     .text.USBD_FS_LangIDStrDescriptor:00000000 $t
C:\Users\Daniel\AppData\Local\Temp\ccKLJnli.s:59     .text.USBD_FS_LangIDStrDescriptor:00000000 USBD_FS_LangIDStrDescriptor
C:\Users\Daniel\AppData\Local\Temp\ccKLJnli.s:82     .text.USBD_FS_LangIDStrDescriptor:00000008 $d
C:\Users\Daniel\AppData\Local\Temp\ccKLJnli.s:547    .data.USBD_LangIDDesc:00000000 USBD_LangIDDesc
C:\Users\Daniel\AppData\Local\Temp\ccKLJnli.s:87     .text.IntToUnicode:00000000 $t
C:\Users\Daniel\AppData\Local\Temp\ccKLJnli.s:92     .text.IntToUnicode:00000000 IntToUnicode
C:\Users\Daniel\AppData\Local\Temp\ccKLJnli.s:167    .text.Get_SerialNum:00000000 $t
C:\Users\Daniel\AppData\Local\Temp\ccKLJnli.s:172    .text.Get_SerialNum:00000000 Get_SerialNum
C:\Users\Daniel\AppData\Local\Temp\ccKLJnli.s:237    .text.Get_SerialNum:00000030 $d
C:\Users\Daniel\AppData\Local\Temp\ccKLJnli.s:532    .data.USBD_StringSerial:00000000 USBD_StringSerial
C:\Users\Daniel\AppData\Local\Temp\ccKLJnli.s:245    .text.USBD_FS_SerialStrDescriptor:00000000 $t
C:\Users\Daniel\AppData\Local\Temp\ccKLJnli.s:251    .text.USBD_FS_SerialStrDescriptor:00000000 USBD_FS_SerialStrDescriptor
C:\Users\Daniel\AppData\Local\Temp\ccKLJnli.s:280    .text.USBD_FS_SerialStrDescriptor:00000010 $d
C:\Users\Daniel\AppData\Local\Temp\ccKLJnli.s:285    .rodata.USBD_FS_ProductStrDescriptor.str1.4:00000000 $d
C:\Users\Daniel\AppData\Local\Temp\ccKLJnli.s:289    .text.USBD_FS_ProductStrDescriptor:00000000 $t
C:\Users\Daniel\AppData\Local\Temp\ccKLJnli.s:295    .text.USBD_FS_ProductStrDescriptor:00000000 USBD_FS_ProductStrDescriptor
C:\Users\Daniel\AppData\Local\Temp\ccKLJnli.s:344    .text.USBD_FS_ProductStrDescriptor:00000020 $d
C:\Users\Daniel\AppData\Local\Temp\ccKLJnli.s:540    .bss.USBD_StrDesc:00000000 USBD_StrDesc
C:\Users\Daniel\AppData\Local\Temp\ccKLJnli.s:350    .rodata.USBD_FS_ManufacturerStrDescriptor.str1.4:00000000 $d
C:\Users\Daniel\AppData\Local\Temp\ccKLJnli.s:354    .text.USBD_FS_ManufacturerStrDescriptor:00000000 $t
C:\Users\Daniel\AppData\Local\Temp\ccKLJnli.s:360    .text.USBD_FS_ManufacturerStrDescriptor:00000000 USBD_FS_ManufacturerStrDescriptor
C:\Users\Daniel\AppData\Local\Temp\ccKLJnli.s:392    .text.USBD_FS_ManufacturerStrDescriptor:00000014 $d
C:\Users\Daniel\AppData\Local\Temp\ccKLJnli.s:398    .rodata.USBD_FS_ConfigStrDescriptor.str1.4:00000000 $d
C:\Users\Daniel\AppData\Local\Temp\ccKLJnli.s:402    .text.USBD_FS_ConfigStrDescriptor:00000000 $t
C:\Users\Daniel\AppData\Local\Temp\ccKLJnli.s:408    .text.USBD_FS_ConfigStrDescriptor:00000000 USBD_FS_ConfigStrDescriptor
C:\Users\Daniel\AppData\Local\Temp\ccKLJnli.s:457    .text.USBD_FS_ConfigStrDescriptor:00000020 $d
C:\Users\Daniel\AppData\Local\Temp\ccKLJnli.s:463    .rodata.USBD_FS_InterfaceStrDescriptor.str1.4:00000000 $d
C:\Users\Daniel\AppData\Local\Temp\ccKLJnli.s:467    .text.USBD_FS_InterfaceStrDescriptor:00000000 $t
C:\Users\Daniel\AppData\Local\Temp\ccKLJnli.s:473    .text.USBD_FS_InterfaceStrDescriptor:00000000 USBD_FS_InterfaceStrDescriptor
C:\Users\Daniel\AppData\Local\Temp\ccKLJnli.s:522    .text.USBD_FS_InterfaceStrDescriptor:00000020 $d
C:\Users\Daniel\AppData\Local\Temp\ccKLJnli.s:529    .data.USBD_StringSerial:00000000 $d
C:\Users\Daniel\AppData\Local\Temp\ccKLJnli.s:537    .bss.USBD_StrDesc:00000000 $d
C:\Users\Daniel\AppData\Local\Temp\ccKLJnli.s:544    .data.USBD_LangIDDesc:00000000 $d
C:\Users\Daniel\AppData\Local\Temp\ccKLJnli.s:551    .data.USBD_FS_DeviceDesc:00000000 $d
C:\Users\Daniel\AppData\Local\Temp\ccKLJnli.s:562    .data.FS_Desc:00000000 FS_Desc
C:\Users\Daniel\AppData\Local\Temp\ccKLJnli.s:559    .data.FS_Desc:00000000 $d

UNDEFINED SYMBOLS
USBD_GetString
